  [1m[35m (2.1ms)[0m  [1m[35mCREATE TABLE "schema_migrations" ("version" varchar NOT NULL PRIMARY KEY)[0m
  [1m[35m (1.5ms)[0m  [1m[35mCREATE TABLE "ar_internal_metadata" ("key" varchar NOT NULL PRIMARY KEY, "value" varchar, "created_at" datetime(6) NOT NULL, "updated_at" datetime(6) NOT NULL)[0m
  [1m[36mActiveRecord::SchemaMigration Pluck (0.1ms)[0m  [1m[34mSELECT "schema_migrations"."version" FROM "schema_migrations" ORDER BY "schema_migrations"."version" ASC[0m
Migrating to CreateProducts (20230605130115)
  [1m[36mTRANSACTION (0.1ms)[0m  [1m[36mbegin transaction[0m
  [1m[35m (0.2ms)[0m  [1m[35mCREATE TABLE "products" ("id" integer PRIMARY KEY AUTOINCREMENT NOT NULL, "name" varchar, "unity" varchar, "color" varchar, "created_at" datetime(6) NOT NULL, "updated_at" datetime(6) NOT NULL)[0m
  [1m[36mActiveRecord::SchemaMigration Create (0.2ms)[0m  [1m[32mINSERT INTO "schema_migrations" ("version") VALUES (?)[0m  [["version", "20230605130115"]]
  [1m[36mTRANSACTION (1.6ms)[0m  [1m[36mcommit transaction[0m
  [1m[36mActiveRecord::InternalMetadata Load (0.1ms)[0m  [1m[34mSELECT "ar_internal_metadata".* FROM "ar_internal_metadata" WHERE "ar_internal_metadata"."key" = ? LIMIT ?[0m  [["key", "environment"], ["LIMIT", 1]]
  [1m[36mTRANSACTION (0.0ms)[0m  [1m[36mbegin transaction[0m
  [1m[36mActiveRecord::InternalMetadata Create (0.2ms)[0m  [1m[32mINSERT INTO "ar_internal_metadata" ("key", "value", "created_at", "updated_at") VALUES (?, ?, ?, ?)[0m  [["key", "environment"], ["value", "development"], ["created_at", "2023-06-07 18:38:02.086092"], ["updated_at", "2023-06-07 18:38:02.086092"]]
  [1m[36mTRANSACTION (1.4ms)[0m  [1m[36mcommit transaction[0m
  [1m[36mActiveRecord::SchemaMigration Pluck (0.1ms)[0m  [1m[34mSELECT "schema_migrations"."version" FROM "schema_migrations" ORDER BY "schema_migrations"."version" ASC[0m
  [1m[36mActiveRecord::SchemaMigration Pluck (0.1ms)[0m  [1m[34mSELECT "schema_migrations"."version" FROM "schema_migrations" ORDER BY "schema_migrations"."version" ASC[0m
  [1m[36mTRANSACTION (0.1ms)[0m  [1m[36mbegin transaction[0m
  [1m[36mProduct Create (0.3ms)[0m  [1m[32mINSERT INTO "products" ("name", "unity", "color", "created_at", "updated_at") VALUES (?, ?, ?, ?, ?)[0m  [["name", "Xbox"], ["unity", "UN"], ["color", "branco"], ["created_at", "2023-06-07 18:41:23.358077"], ["updated_at", "2023-06-07 18:41:23.358077"]]
  [1m[36mTRANSACTION (5.2ms)[0m  [1m[36mcommit transaction[0m
  [1m[36mProduct Load (0.3ms)[0m  [1m[34mSELECT "products".* FROM "products" ORDER BY "products"."id" ASC LIMIT ?[0m  [["LIMIT", 1]]
  [1m[36mProduct Load (0.4ms)[0m  [1m[34mSELECT "products".* FROM "products" ORDER BY "products"."id" ASC LIMIT ?[0m  [["LIMIT", 1]]
Started POST "/products" for 127.0.0.1 at 2023-06-07 16:39:07 -0300
  [1m[36mActiveRecord::SchemaMigration Pluck (0.1ms)[0m  [1m[34mSELECT "schema_migrations"."version" FROM "schema_migrations" ORDER BY "schema_migrations"."version" ASC[0m
  
SyntaxError (/home/diegoaraujo/Documentos/meus_estudos/microsservices/register_product/app/controllers/products_controller.rb:23: syntax error, unexpected local variable or method, expecting ')'
      render json: @product, status: :cre...
      ^~~~~~
):
  
app/controllers/products_controller.rb:23: syntax error, unexpected local variable or method, expecting ')'
app/controllers/products_controller.rb:23: syntax error, unexpected local variable or method, expecting ')'
Started GET "/products" for 127.0.0.1 at 2023-06-07 16:40:27 -0300
  
LoadError (cannot load such file -- /home/diegoaraujo/Documentos/meus_estudos/microsservices/register_product/app/controllers/lib/publisher):
  
app/controllers/products_controller.rb:2:in `require_relative'
app/controllers/products_controller.rb:2:in `<class:ProductsController>'
app/controllers/products_controller.rb:1:in `<main>'
Started GET "/products" for 127.0.0.1 at 2023-06-07 16:41:50 -0300
  [1m[36mActiveRecord::SchemaMigration Pluck (0.2ms)[0m  [1m[34mSELECT "schema_migrations"."version" FROM "schema_migrations" ORDER BY "schema_migrations"."version" ASC[0m
  
LoadError (cannot load such file -- /home/diegoaraujo/Documentos/meus_estudos/microsservices/register_product/app/controllers/lib/publisher):
  
app/controllers/products_controller.rb:1:in `require_relative'
app/controllers/products_controller.rb:1:in `<main>'
Started GET "/products" for 127.0.0.1 at 2023-06-07 16:42:32 -0300
  [1m[36mActiveRecord::SchemaMigration Pluck (0.2ms)[0m  [1m[34mSELECT "schema_migrations"."version" FROM "schema_migrations" ORDER BY "schema_migrations"."version" ASC[0m
  
LoadError (cannot load such file -- /home/diegoaraujo/Documentos/meus_estudos/microsservices/register_product/app/controllers/lib/publisher.rb):
  
app/controllers/products_controller.rb:2:in `require_relative'
app/controllers/products_controller.rb:2:in `<class:ProductsController>'
app/controllers/products_controller.rb:1:in `<main>'
Started GET "/products" for 127.0.0.1 at 2023-06-07 16:43:13 -0300
  
LoadError (cannot load such file -- /home/diegoaraujo/Documentos/meus_estudos/microsservices/register_product/app/controllers/lib/publisher.rb):
  
app/controllers/products_controller.rb:2:in `require_relative'
app/controllers/products_controller.rb:2:in `<class:ProductsController>'
app/controllers/products_controller.rb:1:in `<main>'
Started GET "/products" for 127.0.0.1 at 2023-06-07 16:43:21 -0300
  [1m[36mActiveRecord::SchemaMigration Pluck (0.2ms)[0m  [1m[34mSELECT "schema_migrations"."version" FROM "schema_migrations" ORDER BY "schema_migrations"."version" ASC[0m
  
LoadError (cannot load such file -- /home/diegoaraujo/Documentos/meus_estudos/microsservices/register_product/app/controllers/lib/publisher.rb):
  
app/controllers/products_controller.rb:2:in `require_relative'
app/controllers/products_controller.rb:2:in `<class:ProductsController>'
app/controllers/products_controller.rb:1:in `<main>'
Started GET "/products" for 127.0.0.1 at 2023-06-07 16:43:31 -0300
  [1m[36mActiveRecord::SchemaMigration Pluck (0.1ms)[0m  [1m[34mSELECT "schema_migrations"."version" FROM "schema_migrations" ORDER BY "schema_migrations"."version" ASC[0m
  
LoadError (cannot load such file -- /home/diegoaraujo/Documentos/meus_estudos/microsservices/register_product/app/lib/publisher.rb):
  
app/controllers/products_controller.rb:2:in `require_relative'
app/controllers/products_controller.rb:2:in `<class:ProductsController>'
app/controllers/products_controller.rb:1:in `<main>'
Started GET "/products" for 127.0.0.1 at 2023-06-07 16:43:51 -0300
  [1m[36mActiveRecord::SchemaMigration Pluck (0.2ms)[0m  [1m[34mSELECT "schema_migrations"."version" FROM "schema_migrations" ORDER BY "schema_migrations"."version" ASC[0m
  
LoadError (cannot load such file -- /home/diegoaraujo/Documentos/meus_estudos/microsservices/register_product/app/lib/publisher):
  
app/controllers/products_controller.rb:2:in `require_relative'
app/controllers/products_controller.rb:2:in `<class:ProductsController>'
app/controllers/products_controller.rb:1:in `<main>'
Started GET "/products" for 127.0.0.1 at 2023-06-07 16:44:15 -0300
  [1m[36mActiveRecord::SchemaMigration Pluck (0.2ms)[0m  [1m[34mSELECT "schema_migrations"."version" FROM "schema_migrations" ORDER BY "schema_migrations"."version" ASC[0m
  
LoadError (cannot load such file -- /home/diegoaraujo/Documentos/meus_estudos/microsservices/register_product/app/controllers/lib/publisher):
  
app/controllers/products_controller.rb:2:in `require_relative'
app/controllers/products_controller.rb:2:in `<class:ProductsController>'
app/controllers/products_controller.rb:1:in `<main>'
Started GET "/products" for 127.0.0.1 at 2023-06-07 16:45:22 -0300
  [1m[36mActiveRecord::SchemaMigration Pluck (0.3ms)[0m  [1m[34mSELECT "schema_migrations"."version" FROM "schema_migrations" ORDER BY "schema_migrations"."version" ASC[0m
Processing by ProductsController#index as */*
  Parameters: {"product"=>{"name"=>"Bola", "unity"=>"UN", "color"=>"Branco"}}
  [1m[36mProduct Load (0.1ms)[0m  [1m[34mSELECT "products".* FROM "products"[0m
  ↳ app/controllers/products_controller.rb:8:in `index'
Completed 200 OK in 21ms (Views: 9.9ms | ActiveRecord: 0.8ms | Allocations: 9313)


Started POST "/products" for 127.0.0.1 at 2023-06-07 16:45:39 -0300
Processing by ProductsController#create as */*
  Parameters: {"product"=>{"name"=>"Bola", "unity"=>"UN", "color"=>"Branco"}}
  [1m[36mTRANSACTION (0.1ms)[0m  [1m[36mbegin transaction[0m
  ↳ app/controllers/products_controller.rb:20:in `create'
  [1m[36mProduct Create (0.3ms)[0m  [1m[32mINSERT INTO "products" ("name", "unity", "color", "created_at", "updated_at") VALUES (?, ?, ?, ?, ?)[0m  [["name", "Bola"], ["unity", "UN"], ["color", "Branco"], ["created_at", "2023-06-07 19:45:39.528709"], ["updated_at", "2023-06-07 19:45:39.528709"]]
  ↳ app/controllers/products_controller.rb:20:in `create'
  [1m[36mTRANSACTION (2.0ms)[0m  [1m[36mcommit transaction[0m
  ↳ app/controllers/products_controller.rb:20:in `create'
Completed 201 Created in 22ms (Views: 0.6ms | ActiveRecord: 2.3ms | Allocations: 6057)


  [1m[36mActiveRecord::SchemaMigration Pluck (0.1ms)[0m  [1m[34mSELECT "schema_migrations"."version" FROM "schema_migrations" ORDER BY "schema_migrations"."version" ASC[0m
  [1m[36mActiveRecord::InternalMetadata Pluck (0.1ms)[0m  [1m[34mSELECT "ar_internal_metadata"."value" FROM "ar_internal_metadata" WHERE "ar_internal_metadata"."key" = ? LIMIT ?[0m  [["key", "environment"], ["LIMIT", 1]]
  [1m[36mActiveRecord::SchemaMigration Pluck (0.0ms)[0m  [1m[34mSELECT "schema_migrations"."version" FROM "schema_migrations" ORDER BY "schema_migrations"."version" ASC[0m
  [1m[36mActiveRecord::InternalMetadata Pluck (0.0ms)[0m  [1m[34mSELECT "ar_internal_metadata"."value" FROM "ar_internal_metadata" WHERE "ar_internal_metadata"."key" = ? LIMIT ?[0m  [["key", "environment"], ["LIMIT", 1]]
  [1m[36mActiveRecord::SchemaMigration Pluck (0.0ms)[0m  [1m[34mSELECT "schema_migrations"."version" FROM "schema_migrations" ORDER BY "schema_migrations"."version" ASC[0m
  [1m[36mActiveRecord::InternalMetadata Pluck (0.0ms)[0m  [1m[34mSELECT "ar_internal_metadata"."value" FROM "ar_internal_metadata" WHERE "ar_internal_metadata"."key" = ? LIMIT ?[0m  [["key", "environment"], ["LIMIT", 1]]
  [1m[35m (5.4ms)[0m  [1m[35mCREATE TABLE "schema_migrations" ("version" varchar NOT NULL PRIMARY KEY)[0m
  [1m[35m (1.6ms)[0m  [1m[35mCREATE TABLE "ar_internal_metadata" ("key" varchar NOT NULL PRIMARY KEY, "value" varchar, "created_at" datetime(6) NOT NULL, "updated_at" datetime(6) NOT NULL)[0m
  [1m[36mActiveRecord::SchemaMigration Pluck (0.1ms)[0m  [1m[34mSELECT "schema_migrations"."version" FROM "schema_migrations" ORDER BY "schema_migrations"."version" ASC[0m
Migrating to CreateProducts (20230605130115)
  [1m[36mTRANSACTION (0.1ms)[0m  [1m[36mbegin transaction[0m
  [1m[35m (0.3ms)[0m  [1m[35mCREATE TABLE "products" ("id" integer PRIMARY KEY AUTOINCREMENT NOT NULL, "name" varchar, "unity" varchar, "color" varchar, "created_at" datetime(6) NOT NULL, "updated_at" datetime(6) NOT NULL)[0m
  [1m[36mActiveRecord::SchemaMigration Create (0.1ms)[0m  [1m[32mINSERT INTO "schema_migrations" ("version") VALUES (?)[0m  [["version", "20230605130115"]]
  [1m[36mTRANSACTION (1.6ms)[0m  [1m[36mcommit transaction[0m
  [1m[36mActiveRecord::InternalMetadata Load (0.1ms)[0m  [1m[34mSELECT "ar_internal_metadata".* FROM "ar_internal_metadata" WHERE "ar_internal_metadata"."key" = ? LIMIT ?[0m  [["key", "environment"], ["LIMIT", 1]]
  [1m[36mTRANSACTION (0.1ms)[0m  [1m[36mbegin transaction[0m
  [1m[36mActiveRecord::InternalMetadata Create (0.2ms)[0m  [1m[32mINSERT INTO "ar_internal_metadata" ("key", "value", "created_at", "updated_at") VALUES (?, ?, ?, ?)[0m  [["key", "environment"], ["value", "development"], ["created_at", "2023-06-07 20:08:26.033864"], ["updated_at", "2023-06-07 20:08:26.033864"]]
  [1m[36mTRANSACTION (1.6ms)[0m  [1m[36mcommit transaction[0m
  [1m[36mActiveRecord::SchemaMigration Pluck (0.1ms)[0m  [1m[34mSELECT "schema_migrations"."version" FROM "schema_migrations" ORDER BY "schema_migrations"."version" ASC[0m
  [1m[36mActiveRecord::SchemaMigration Pluck (0.1ms)[0m  [1m[34mSELECT "schema_migrations"."version" FROM "schema_migrations" ORDER BY "schema_migrations"."version" ASC[0m
Started POST "/products" for 127.0.0.1 at 2023-06-07 17:09:24 -0300
  [1m[36mActiveRecord::SchemaMigration Pluck (0.1ms)[0m  [1m[34mSELECT "schema_migrations"."version" FROM "schema_migrations" ORDER BY "schema_migrations"."version" ASC[0m
Processing by ProductsController#create as */*
  Parameters: {"product"=>{"name"=>"Bola", "unity"=>"UN", "color"=>"Branco"}}
  [1m[36mTRANSACTION (0.1ms)[0m  [1m[36mbegin transaction[0m
  ↳ app/controllers/products_controller.rb:20:in `create'
  [1m[36mProduct Create (0.3ms)[0m  [1m[32mINSERT INTO "products" ("name", "unity", "color", "created_at", "updated_at") VALUES (?, ?, ?, ?, ?)[0m  [["name", "Bola"], ["unity", "UN"], ["color", "Branco"], ["created_at", "2023-06-07 20:09:24.773978"], ["updated_at", "2023-06-07 20:09:24.773978"]]
  ↳ app/controllers/products_controller.rb:20:in `create'
  [1m[36mTRANSACTION (5.2ms)[0m  [1m[36mcommit transaction[0m
  ↳ app/controllers/products_controller.rb:20:in `create'
Completed 201 Created in 43ms (Views: 0.8ms | ActiveRecord: 6.5ms | Allocations: 13762)


Started POST "/products" for 127.0.0.1 at 2023-06-07 20:19:30 -0300
  [1m[36mActiveRecord::SchemaMigration Pluck (0.1ms)[0m  [1m[34mSELECT "schema_migrations"."version" FROM "schema_migrations" ORDER BY "schema_migrations"."version" ASC[0m
Processing by ProductsController#create as */*
  Parameters: {"product"=>{"name"=>"Bola", "unity"=>"UN", "color"=>"Branco"}}
  [1m[36mTRANSACTION (0.1ms)[0m  [1m[36mbegin transaction[0m
  ↳ app/controllers/products_controller.rb:20:in `create'
  [1m[36mProduct Create (0.4ms)[0m  [1m[32mINSERT INTO "products" ("name", "unity", "color", "created_at", "updated_at") VALUES (?, ?, ?, ?, ?)[0m  [["name", "Bola"], ["unity", "UN"], ["color", "Branco"], ["created_at", "2023-06-07 23:19:30.836444"], ["updated_at", "2023-06-07 23:19:30.836444"]]
  ↳ app/controllers/products_controller.rb:20:in `create'
  [1m[36mTRANSACTION (1.7ms)[0m  [1m[36mcommit transaction[0m
  ↳ app/controllers/products_controller.rb:20:in `create'
Completed 201 Created in 35ms (Views: 0.8ms | ActiveRecord: 2.5ms | Allocations: 13762)


  [1m[36mActiveRecord::SchemaMigration Pluck (0.1ms)[0m  [1m[34mSELECT "schema_migrations"."version" FROM "schema_migrations" ORDER BY "schema_migrations"."version" ASC[0m
  [1m[36mActiveRecord::InternalMetadata Pluck (0.2ms)[0m  [1m[34mSELECT "ar_internal_metadata"."value" FROM "ar_internal_metadata" WHERE "ar_internal_metadata"."key" = ? LIMIT ?[0m  [["key", "environment"], ["LIMIT", 1]]
  [1m[36mActiveRecord::SchemaMigration Pluck (0.0ms)[0m  [1m[34mSELECT "schema_migrations"."version" FROM "schema_migrations" ORDER BY "schema_migrations"."version" ASC[0m
  [1m[36mActiveRecord::InternalMetadata Pluck (0.0ms)[0m  [1m[34mSELECT "ar_internal_metadata"."value" FROM "ar_internal_metadata" WHERE "ar_internal_metadata"."key" = ? LIMIT ?[0m  [["key", "environment"], ["LIMIT", 1]]
  [1m[36mActiveRecord::SchemaMigration Pluck (0.0ms)[0m  [1m[34mSELECT "schema_migrations"."version" FROM "schema_migrations" ORDER BY "schema_migrations"."version" ASC[0m
  [1m[36mActiveRecord::InternalMetadata Pluck (0.0ms)[0m  [1m[34mSELECT "ar_internal_metadata"."value" FROM "ar_internal_metadata" WHERE "ar_internal_metadata"."key" = ? LIMIT ?[0m  [["key", "environment"], ["LIMIT", 1]]
  [1m[35m (1.6ms)[0m  [1m[35mCREATE TABLE "schema_migrations" ("version" varchar NOT NULL PRIMARY KEY)[0m
  [1m[35m (1.6ms)[0m  [1m[35mCREATE TABLE "ar_internal_metadata" ("key" varchar NOT NULL PRIMARY KEY, "value" varchar, "created_at" datetime(6) NOT NULL, "updated_at" datetime(6) NOT NULL)[0m
  [1m[36mActiveRecord::SchemaMigration Pluck (0.1ms)[0m  [1m[34mSELECT "schema_migrations"."version" FROM "schema_migrations" ORDER BY "schema_migrations"."version" ASC[0m
Migrating to CreateProducts (20230605130115)
  [1m[36mTRANSACTION (0.1ms)[0m  [1m[36mbegin transaction[0m
  [1m[35m (0.3ms)[0m  [1m[35mCREATE TABLE "products" ("id" integer PRIMARY KEY AUTOINCREMENT NOT NULL, "name" varchar, "unity" varchar, "color" varchar, "created_at" datetime(6) NOT NULL, "updated_at" datetime(6) NOT NULL)[0m
  [1m[36mActiveRecord::SchemaMigration Create (0.1ms)[0m  [1m[32mINSERT INTO "schema_migrations" ("version") VALUES (?)[0m  [["version", "20230605130115"]]
  [1m[36mTRANSACTION (1.6ms)[0m  [1m[36mcommit transaction[0m
  [1m[36mActiveRecord::InternalMetadata Load (0.1ms)[0m  [1m[34mSELECT "ar_internal_metadata".* FROM "ar_internal_metadata" WHERE "ar_internal_metadata"."key" = ? LIMIT ?[0m  [["key", "environment"], ["LIMIT", 1]]
  [1m[36mTRANSACTION (0.1ms)[0m  [1m[36mbegin transaction[0m
  [1m[36mActiveRecord::InternalMetadata Create (0.2ms)[0m  [1m[32mINSERT INTO "ar_internal_metadata" ("key", "value", "created_at", "updated_at") VALUES (?, ?, ?, ?)[0m  [["key", "environment"], ["value", "development"], ["created_at", "2023-06-07 23:19:54.924345"], ["updated_at", "2023-06-07 23:19:54.924345"]]
  [1m[36mTRANSACTION (1.5ms)[0m  [1m[36mcommit transaction[0m
  [1m[36mActiveRecord::SchemaMigration Pluck (0.1ms)[0m  [1m[34mSELECT "schema_migrations"."version" FROM "schema_migrations" ORDER BY "schema_migrations"."version" ASC[0m
  [1m[36mActiveRecord::SchemaMigration Pluck (0.1ms)[0m  [1m[34mSELECT "schema_migrations"."version" FROM "schema_migrations" ORDER BY "schema_migrations"."version" ASC[0m
Started POST "/products" for 127.0.0.1 at 2023-06-07 20:59:24 -0300
  [1m[36mActiveRecord::SchemaMigration Pluck (0.1ms)[0m  [1m[34mSELECT "schema_migrations"."version" FROM "schema_migrations" ORDER BY "schema_migrations"."version" ASC[0m
Processing by ProductsController#create as */*
  Parameters: {"product"=>{"name"=>"Bola", "unity"=>"UN", "color"=>"Branco"}}
  [1m[36mTRANSACTION (0.1ms)[0m  [1m[36mbegin transaction[0m
  ↳ app/controllers/products_controller.rb:20:in `create'
  [1m[36mProduct Create (0.3ms)[0m  [1m[32mINSERT INTO "products" ("name", "unity", "color", "created_at", "updated_at") VALUES (?, ?, ?, ?, ?)[0m  [["name", "Bola"], ["unity", "UN"], ["color", "Branco"], ["created_at", "2023-06-07 23:59:24.535911"], ["updated_at", "2023-06-07 23:59:24.535911"]]
  ↳ app/controllers/products_controller.rb:20:in `create'
  [1m[36mTRANSACTION (5.8ms)[0m  [1m[36mcommit transaction[0m
  ↳ app/controllers/products_controller.rb:20:in `create'
Completed 201 Created in 52ms (Views: 0.7ms | ActiveRecord: 6.7ms | Allocations: 13764)


  [1m[36mActiveRecord::SchemaMigration Pluck (0.1ms)[0m  [1m[34mSELECT "schema_migrations"."version" FROM "schema_migrations" ORDER BY "schema_migrations"."version" ASC[0m
  [1m[36mActiveRecord::InternalMetadata Pluck (0.1ms)[0m  [1m[34mSELECT "ar_internal_metadata"."value" FROM "ar_internal_metadata" WHERE "ar_internal_metadata"."key" = ? LIMIT ?[0m  [["key", "environment"], ["LIMIT", 1]]
  [1m[36mActiveRecord::SchemaMigration Pluck (0.0ms)[0m  [1m[34mSELECT "schema_migrations"."version" FROM "schema_migrations" ORDER BY "schema_migrations"."version" ASC[0m
  [1m[36mActiveRecord::InternalMetadata Pluck (0.0ms)[0m  [1m[34mSELECT "ar_internal_metadata"."value" FROM "ar_internal_metadata" WHERE "ar_internal_metadata"."key" = ? LIMIT ?[0m  [["key", "environment"], ["LIMIT", 1]]
  [1m[36mActiveRecord::SchemaMigration Pluck (0.0ms)[0m  [1m[34mSELECT "schema_migrations"."version" FROM "schema_migrations" ORDER BY "schema_migrations"."version" ASC[0m
  [1m[36mActiveRecord::InternalMetadata Pluck (0.0ms)[0m  [1m[34mSELECT "ar_internal_metadata"."value" FROM "ar_internal_metadata" WHERE "ar_internal_metadata"."key" = ? LIMIT ?[0m  [["key", "environment"], ["LIMIT", 1]]
  [1m[35m (5.2ms)[0m  [1m[35mCREATE TABLE "schema_migrations" ("version" varchar NOT NULL PRIMARY KEY)[0m
  [1m[35m (1.6ms)[0m  [1m[35mCREATE TABLE "ar_internal_metadata" ("key" varchar NOT NULL PRIMARY KEY, "value" varchar, "created_at" datetime(6) NOT NULL, "updated_at" datetime(6) NOT NULL)[0m
  [1m[36mActiveRecord::SchemaMigration Pluck (0.1ms)[0m  [1m[34mSELECT "schema_migrations"."version" FROM "schema_migrations" ORDER BY "schema_migrations"."version" ASC[0m
Migrating to CreateProducts (20230605130115)
  [1m[36mTRANSACTION (0.1ms)[0m  [1m[36mbegin transaction[0m
  [1m[35m (0.3ms)[0m  [1m[35mCREATE TABLE "products" ("id" integer PRIMARY KEY AUTOINCREMENT NOT NULL, "name" varchar, "unity" varchar, "color" varchar, "created_at" datetime(6) NOT NULL, "updated_at" datetime(6) NOT NULL)[0m
  [1m[36mActiveRecord::SchemaMigration Create (0.1ms)[0m  [1m[32mINSERT INTO "schema_migrations" ("version") VALUES (?)[0m  [["version", "20230605130115"]]
  [1m[36mTRANSACTION (1.4ms)[0m  [1m[36mcommit transaction[0m
  [1m[36mActiveRecord::InternalMetadata Load (0.1ms)[0m  [1m[34mSELECT "ar_internal_metadata".* FROM "ar_internal_metadata" WHERE "ar_internal_metadata"."key" = ? LIMIT ?[0m  [["key", "environment"], ["LIMIT", 1]]
  [1m[36mTRANSACTION (0.1ms)[0m  [1m[36mbegin transaction[0m
  [1m[36mActiveRecord::InternalMetadata Create (0.2ms)[0m  [1m[32mINSERT INTO "ar_internal_metadata" ("key", "value", "created_at", "updated_at") VALUES (?, ?, ?, ?)[0m  [["key", "environment"], ["value", "development"], ["created_at", "2023-06-07 23:59:49.003898"], ["updated_at", "2023-06-07 23:59:49.003898"]]
  [1m[36mTRANSACTION (1.3ms)[0m  [1m[36mcommit transaction[0m
  [1m[36mActiveRecord::SchemaMigration Pluck (0.1ms)[0m  [1m[34mSELECT "schema_migrations"."version" FROM "schema_migrations" ORDER BY "schema_migrations"."version" ASC[0m
  [1m[36mActiveRecord::SchemaMigration Pluck (0.1ms)[0m  [1m[34mSELECT "schema_migrations"."version" FROM "schema_migrations" ORDER BY "schema_migrations"."version" ASC[0m
  [1m[36mActiveRecord::SchemaMigration Pluck (0.1ms)[0m  [1m[34mSELECT "schema_migrations"."version" FROM "schema_migrations" ORDER BY "schema_migrations"."version" ASC[0m
  [1m[36mActiveRecord::InternalMetadata Pluck (0.1ms)[0m  [1m[34mSELECT "ar_internal_metadata"."value" FROM "ar_internal_metadata" WHERE "ar_internal_metadata"."key" = ? LIMIT ?[0m  [["key", "environment"], ["LIMIT", 1]]
  [1m[36mActiveRecord::SchemaMigration Pluck (0.0ms)[0m  [1m[34mSELECT "schema_migrations"."version" FROM "schema_migrations" ORDER BY "schema_migrations"."version" ASC[0m
  [1m[36mActiveRecord::InternalMetadata Pluck (0.0ms)[0m  [1m[34mSELECT "ar_internal_metadata"."value" FROM "ar_internal_metadata" WHERE "ar_internal_metadata"."key" = ? LIMIT ?[0m  [["key", "environment"], ["LIMIT", 1]]
  [1m[36mActiveRecord::SchemaMigration Pluck (0.0ms)[0m  [1m[34mSELECT "schema_migrations"."version" FROM "schema_migrations" ORDER BY "schema_migrations"."version" ASC[0m
  [1m[36mActiveRecord::InternalMetadata Pluck (0.0ms)[0m  [1m[34mSELECT "ar_internal_metadata"."value" FROM "ar_internal_metadata" WHERE "ar_internal_metadata"."key" = ? LIMIT ?[0m  [["key", "environment"], ["LIMIT", 1]]
  [1m[35m (5.1ms)[0m  [1m[35mCREATE TABLE "schema_migrations" ("version" varchar NOT NULL PRIMARY KEY)[0m
  [1m[35m (1.5ms)[0m  [1m[35mCREATE TABLE "ar_internal_metadata" ("key" varchar NOT NULL PRIMARY KEY, "value" varchar, "created_at" datetime(6) NOT NULL, "updated_at" datetime(6) NOT NULL)[0m
  [1m[36mActiveRecord::SchemaMigration Pluck (0.1ms)[0m  [1m[34mSELECT "schema_migrations"."version" FROM "schema_migrations" ORDER BY "schema_migrations"."version" ASC[0m
Migrating to CreateProducts (20230605130115)
  [1m[36mTRANSACTION (0.1ms)[0m  [1m[36mbegin transaction[0m
  [1m[35m (0.3ms)[0m  [1m[35mCREATE TABLE "products" ("id" integer PRIMARY KEY AUTOINCREMENT NOT NULL, "name" varchar, "unity" varchar, "color" varchar, "created_at" datetime(6) NOT NULL, "updated_at" datetime(6) NOT NULL)[0m
  [1m[36mActiveRecord::SchemaMigration Create (0.1ms)[0m  [1m[32mINSERT INTO "schema_migrations" ("version") VALUES (?)[0m  [["version", "20230605130115"]]
  [1m[36mTRANSACTION (1.4ms)[0m  [1m[36mcommit transaction[0m
  [1m[36mActiveRecord::InternalMetadata Load (0.1ms)[0m  [1m[34mSELECT "ar_internal_metadata".* FROM "ar_internal_metadata" WHERE "ar_internal_metadata"."key" = ? LIMIT ?[0m  [["key", "environment"], ["LIMIT", 1]]
  [1m[36mTRANSACTION (0.1ms)[0m  [1m[36mbegin transaction[0m
  [1m[36mActiveRecord::InternalMetadata Create (0.2ms)[0m  [1m[32mINSERT INTO "ar_internal_metadata" ("key", "value", "created_at", "updated_at") VALUES (?, ?, ?, ?)[0m  [["key", "environment"], ["value", "development"], ["created_at", "2023-06-08 00:05:23.041292"], ["updated_at", "2023-06-08 00:05:23.041292"]]
  [1m[36mTRANSACTION (1.3ms)[0m  [1m[36mcommit transaction[0m
  [1m[36mActiveRecord::SchemaMigration Pluck (0.1ms)[0m  [1m[34mSELECT "schema_migrations"."version" FROM "schema_migrations" ORDER BY "schema_migrations"."version" ASC[0m
  [1m[36mActiveRecord::SchemaMigration Pluck (0.1ms)[0m  [1m[34mSELECT "schema_migrations"."version" FROM "schema_migrations" ORDER BY "schema_migrations"."version" ASC[0m
Started POST "/products" for 127.0.0.1 at 2023-06-07 21:05:33 -0300
  [1m[36mActiveRecord::SchemaMigration Pluck (0.1ms)[0m  [1m[34mSELECT "schema_migrations"."version" FROM "schema_migrations" ORDER BY "schema_migrations"."version" ASC[0m
Processing by ProductsController#create as */*
  Parameters: {"product"=>{"name"=>"Bola", "unity"=>"UN", "color"=>"Branco"}}
  [1m[36mTRANSACTION (0.1ms)[0m  [1m[36mbegin transaction[0m
  ↳ app/controllers/products_controller.rb:20:in `create'
  [1m[36mProduct Create (0.4ms)[0m  [1m[32mINSERT INTO "products" ("name", "unity", "color", "created_at", "updated_at") VALUES (?, ?, ?, ?, ?)[0m  [["name", "Bola"], ["unity", "UN"], ["color", "Branco"], ["created_at", "2023-06-08 00:05:33.622450"], ["updated_at", "2023-06-08 00:05:33.622450"]]
  ↳ app/controllers/products_controller.rb:20:in `create'
  [1m[36mTRANSACTION (5.2ms)[0m  [1m[36mcommit transaction[0m
  ↳ app/controllers/products_controller.rb:20:in `create'
Completed 201 Created in 49ms (Views: 0.8ms | ActiveRecord: 6.3ms | Allocations: 13739)


Started POST "/products" for 127.0.0.1 at 2023-06-07 21:07:40 -0300
  [1m[36mActiveRecord::SchemaMigration Pluck (0.1ms)[0m  [1m[34mSELECT "schema_migrations"."version" FROM "schema_migrations" ORDER BY "schema_migrations"."version" ASC[0m
Processing by ProductsController#create as */*
  Parameters: {"product"=>{"name"=>"Bola", "unity"=>"UN", "color"=>"Branco"}}
  [1m[36mTRANSACTION (0.1ms)[0m  [1m[36mbegin transaction[0m
  ↳ app/controllers/products_controller.rb:20:in `create'
  [1m[36mProduct Create (0.3ms)[0m  [1m[32mINSERT INTO "products" ("name", "unity", "color", "created_at", "updated_at") VALUES (?, ?, ?, ?, ?)[0m  [["name", "Bola"], ["unity", "UN"], ["color", "Branco"], ["created_at", "2023-06-08 00:07:40.689999"], ["updated_at", "2023-06-08 00:07:40.689999"]]
  ↳ app/controllers/products_controller.rb:20:in `create'
  [1m[36mTRANSACTION (5.2ms)[0m  [1m[36mcommit transaction[0m
  ↳ app/controllers/products_controller.rb:20:in `create'
Completed 201 Created in 46ms (Views: 0.8ms | ActiveRecord: 6.4ms | Allocations: 13763)


Started POST "/products" for 127.0.0.1 at 2023-06-07 21:09:05 -0300
  [1m[36mActiveRecord::SchemaMigration Pluck (0.1ms)[0m  [1m[34mSELECT "schema_migrations"."version" FROM "schema_migrations" ORDER BY "schema_migrations"."version" ASC[0m
Processing by ProductsController#create as */*
  Parameters: {"product"=>{"name"=>"Bola", "unity"=>"UN", "color"=>"Branco"}}
  [1m[36mTRANSACTION (0.1ms)[0m  [1m[36mbegin transaction[0m
  ↳ app/controllers/products_controller.rb:20:in `create'
  [1m[36mProduct Create (0.3ms)[0m  [1m[32mINSERT INTO "products" ("name", "unity", "color", "created_at", "updated_at") VALUES (?, ?, ?, ?, ?)[0m  [["name", "Bola"], ["unity", "UN"], ["color", "Branco"], ["created_at", "2023-06-08 00:09:06.027787"], ["updated_at", "2023-06-08 00:09:06.027787"]]
  ↳ app/controllers/products_controller.rb:20:in `create'
  [1m[36mTRANSACTION (5.1ms)[0m  [1m[36mcommit transaction[0m
  ↳ app/controllers/products_controller.rb:20:in `create'
Completed 201 Created in 47ms (Views: 1.0ms | ActiveRecord: 6.1ms | Allocations: 13763)


Started POST "/products" for 127.0.0.1 at 2023-06-07 21:09:53 -0300
Processing by ProductsController#create as */*
  Parameters: {"product"=>{"name"=>"Bola", "unity"=>"UN", "color"=>"Branco"}}
  [1m[36mTRANSACTION (0.0ms)[0m  [1m[36mbegin transaction[0m
  ↳ app/controllers/products_controller.rb:20:in `create'
  [1m[36mProduct Create (0.2ms)[0m  [1m[32mINSERT INTO "products" ("name", "unity", "color", "created_at", "updated_at") VALUES (?, ?, ?, ?, ?)[0m  [["name", "Bola"], ["unity", "UN"], ["color", "Branco"], ["created_at", "2023-06-08 00:09:53.264656"], ["updated_at", "2023-06-08 00:09:53.264656"]]
  ↳ app/controllers/products_controller.rb:20:in `create'
  [1m[36mTRANSACTION (1.8ms)[0m  [1m[36mcommit transaction[0m
  ↳ app/controllers/products_controller.rb:20:in `create'
Completed 201 Created in 19ms (Views: 0.7ms | ActiveRecord: 2.1ms | Allocations: 4429)


Started POST "/products" for 127.0.0.1 at 2023-06-07 21:10:12 -0300
Processing by ProductsController#create as */*
  Parameters: {"product"=>{"name"=>"Bola", "unity"=>"UN", "color"=>"Branco"}}
  [1m[36mTRANSACTION (0.1ms)[0m  [1m[36mbegin transaction[0m
  ↳ app/controllers/products_controller.rb:20:in `create'
  [1m[36mProduct Create (0.2ms)[0m  [1m[32mINSERT INTO "products" ("name", "unity", "color", "created_at", "updated_at") VALUES (?, ?, ?, ?, ?)[0m  [["name", "Bola"], ["unity", "UN"], ["color", "Branco"], ["created_at", "2023-06-08 00:10:12.787648"], ["updated_at", "2023-06-08 00:10:12.787648"]]
  ↳ app/controllers/products_controller.rb:20:in `create'
  [1m[36mTRANSACTION (1.7ms)[0m  [1m[36mcommit transaction[0m
  ↳ app/controllers/products_controller.rb:20:in `create'
Completed 201 Created in 31ms (Views: 2.7ms | ActiveRecord: 1.9ms | Allocations: 4424)


  [1m[36mTRANSACTION (0.0ms)[0m  [1m[36mbegin transaction[0m
  [1m[36mProduct Create (0.4ms)[0m  [1m[32mINSERT INTO "products" ("name", "unity", "color", "created_at", "updated_at") VALUES (?, ?, ?, ?, ?)[0m  [["name", "Xbox"], ["unity", "UN"], ["color", "branco"], ["created_at", "2023-06-08 12:29:33.422675"], ["updated_at", "2023-06-08 12:29:33.422675"]]
  [1m[36mTRANSACTION (1.3ms)[0m  [1m[36mcommit transaction[0m
  [1m[36mActiveRecord::SchemaMigration Pluck (0.1ms)[0m  [1m[34mSELECT "schema_migrations"."version" FROM "schema_migrations" ORDER BY "schema_migrations"."version" ASC[0m
  [1m[36mActiveRecord::InternalMetadata Pluck (0.2ms)[0m  [1m[34mSELECT "ar_internal_metadata"."value" FROM "ar_internal_metadata" WHERE "ar_internal_metadata"."key" = ? LIMIT ?[0m  [["key", "environment"], ["LIMIT", 1]]
  [1m[36mActiveRecord::SchemaMigration Pluck (0.0ms)[0m  [1m[34mSELECT "schema_migrations"."version" FROM "schema_migrations" ORDER BY "schema_migrations"."version" ASC[0m
  [1m[36mActiveRecord::InternalMetadata Pluck (0.0ms)[0m  [1m[34mSELECT "ar_internal_metadata"."value" FROM "ar_internal_metadata" WHERE "ar_internal_metadata"."key" = ? LIMIT ?[0m  [["key", "environment"], ["LIMIT", 1]]
  [1m[36mActiveRecord::SchemaMigration Pluck (0.0ms)[0m  [1m[34mSELECT "schema_migrations"."version" FROM "schema_migrations" ORDER BY "schema_migrations"."version" ASC[0m
  [1m[36mActiveRecord::InternalMetadata Pluck (0.0ms)[0m  [1m[34mSELECT "ar_internal_metadata"."value" FROM "ar_internal_metadata" WHERE "ar_internal_metadata"."key" = ? LIMIT ?[0m  [["key", "environment"], ["LIMIT", 1]]
  [1m[35m (1.4ms)[0m  [1m[35mCREATE TABLE "schema_migrations" ("version" varchar NOT NULL PRIMARY KEY)[0m
  [1m[35m (1.5ms)[0m  [1m[35mCREATE TABLE "ar_internal_metadata" ("key" varchar NOT NULL PRIMARY KEY, "value" varchar, "created_at" datetime(6) NOT NULL, "updated_at" datetime(6) NOT NULL)[0m
  [1m[36mActiveRecord::SchemaMigration Pluck (0.2ms)[0m  [1m[34mSELECT "schema_migrations"."version" FROM "schema_migrations" ORDER BY "schema_migrations"."version" ASC[0m
Migrating to CreateProducts (20230605130115)
  [1m[36mTRANSACTION (0.1ms)[0m  [1m[36mbegin transaction[0m
  [1m[35m (0.3ms)[0m  [1m[35mCREATE TABLE "products" ("id" integer PRIMARY KEY AUTOINCREMENT NOT NULL, "name" varchar, "unity" varchar, "color" varchar, "created_at" datetime(6) NOT NULL, "updated_at" datetime(6) NOT NULL)[0m
  [1m[36mActiveRecord::SchemaMigration Create (0.2ms)[0m  [1m[32mINSERT INTO "schema_migrations" ("version") VALUES (?)[0m  [["version", "20230605130115"]]
  [1m[36mTRANSACTION (1.5ms)[0m  [1m[36mcommit transaction[0m
  [1m[36mActiveRecord::InternalMetadata Load (0.1ms)[0m  [1m[34mSELECT "ar_internal_metadata".* FROM "ar_internal_metadata" WHERE "ar_internal_metadata"."key" = ? LIMIT ?[0m  [["key", "environment"], ["LIMIT", 1]]
  [1m[36mTRANSACTION (0.1ms)[0m  [1m[36mbegin transaction[0m
  [1m[36mActiveRecord::InternalMetadata Create (0.2ms)[0m  [1m[32mINSERT INTO "ar_internal_metadata" ("key", "value", "created_at", "updated_at") VALUES (?, ?, ?, ?)[0m  [["key", "environment"], ["value", "development"], ["created_at", "2023-06-08 12:38:02.867774"], ["updated_at", "2023-06-08 12:38:02.867774"]]
  [1m[36mTRANSACTION (1.3ms)[0m  [1m[36mcommit transaction[0m
  [1m[36mActiveRecord::SchemaMigration Pluck (0.1ms)[0m  [1m[34mSELECT "schema_migrations"."version" FROM "schema_migrations" ORDER BY "schema_migrations"."version" ASC[0m
  [1m[36mActiveRecord::SchemaMigration Pluck (0.1ms)[0m  [1m[34mSELECT "schema_migrations"."version" FROM "schema_migrations" ORDER BY "schema_migrations"."version" ASC[0m
Started POST "/products" for 127.0.0.1 at 2023-06-08 10:34:33 -0300
  [1m[36mActiveRecord::SchemaMigration Pluck (0.1ms)[0m  [1m[34mSELECT "schema_migrations"."version" FROM "schema_migrations" ORDER BY "schema_migrations"."version" ASC[0m
Processing by ProductsController#create as */*
  Parameters: {"product"=>{"name"=>"Nitendo Switch", "unity"=>"UN", "color"=>"Cinza"}}
  [1m[36mTRANSACTION (0.1ms)[0m  [1m[36mbegin transaction[0m
  ↳ app/controllers/products_controller.rb:20:in `create'
  [1m[36mProduct Create (0.3ms)[0m  [1m[32mINSERT INTO "products" ("name", "unity", "color", "created_at", "updated_at") VALUES (?, ?, ?, ?, ?)[0m  [["name", "Nitendo Switch"], ["unity", "UN"], ["color", "Cinza"], ["created_at", "2023-06-08 13:34:33.938276"], ["updated_at", "2023-06-08 13:34:33.938276"]]
  ↳ app/controllers/products_controller.rb:20:in `create'
  [1m[36mTRANSACTION (1.5ms)[0m  [1m[36mcommit transaction[0m
  ↳ app/controllers/products_controller.rb:20:in `create'
Completed 201 Created in 42ms (Views: 0.7ms | ActiveRecord: 2.2ms | Allocations: 13763)


Started POST "/products" for 127.0.0.1 at 2023-06-08 10:38:16 -0300
Processing by ProductsController#create as */*
  Parameters: {"product"=>{"name"=>"Tv Box", "unity"=>"UN", "color"=>"Preto"}}
  [1m[36mTRANSACTION (0.1ms)[0m  [1m[36mbegin transaction[0m
  ↳ app/controllers/products_controller.rb:20:in `create'
  [1m[36mProduct Create (0.3ms)[0m  [1m[32mINSERT INTO "products" ("name", "unity", "color", "created_at", "updated_at") VALUES (?, ?, ?, ?, ?)[0m  [["name", "Tv Box"], ["unity", "UN"], ["color", "Preto"], ["created_at", "2023-06-08 13:38:16.166674"], ["updated_at", "2023-06-08 13:38:16.166674"]]
  ↳ app/controllers/products_controller.rb:20:in `create'
  [1m[36mTRANSACTION (0.2ms)[0m  [1m[31mrollback transaction[0m
  ↳ app/controllers/products_controller.rb:20:in `create'
Completed 500 Internal Server Error in 44ms (ActiveRecord: 1.1ms | Allocations: 4279)


  
NoMethodError (undefined method `attributes' for nil:NilClass):
  
app/models/product.rb:7:in `publish_product'
app/controllers/products_controller.rb:20:in `create'
Started POST "/products" for 127.0.0.1 at 2023-06-08 10:38:29 -0300
Processing by ProductsController#create as */*
  Parameters: {"product"=>{"name"=>"Tv Box", "unity"=>"UN", "color"=>"Preto"}}
  [1m[36mTRANSACTION (0.0ms)[0m  [1m[36mbegin transaction[0m
  ↳ app/controllers/products_controller.rb:20:in `create'
  [1m[36mProduct Create (0.3ms)[0m  [1m[32mINSERT INTO "products" ("name", "unity", "color", "created_at", "updated_at") VALUES (?, ?, ?, ?, ?)[0m  [["name", "Tv Box"], ["unity", "UN"], ["color", "Preto"], ["created_at", "2023-06-08 13:38:29.256568"], ["updated_at", "2023-06-08 13:38:29.256568"]]
  ↳ app/controllers/products_controller.rb:20:in `create'
  [1m[36mTRANSACTION (4.1ms)[0m  [1m[36mcommit transaction[0m
  ↳ app/controllers/products_controller.rb:20:in `create'
Completed 201 Created in 31ms (Views: 0.7ms | ActiveRecord: 5.0ms | Allocations: 6694)


Started POST "/products" for 127.0.0.1 at 2023-06-08 10:39:25 -0300
Processing by ProductsController#create as */*
  Parameters: {"product"=>{"name"=>"Redmi Pro 12", "unity"=>"UN", "color"=>"Ciano"}}
  [1m[36mTRANSACTION (0.1ms)[0m  [1m[36mbegin transaction[0m
  ↳ app/controllers/products_controller.rb:20:in `create'
  [1m[36mProduct Create (0.3ms)[0m  [1m[32mINSERT INTO "products" ("name", "unity", "color", "created_at", "updated_at") VALUES (?, ?, ?, ?, ?)[0m  [["name", "Redmi Pro 12"], ["unity", "UN"], ["color", "Ciano"], ["created_at", "2023-06-08 13:39:25.838526"], ["updated_at", "2023-06-08 13:39:25.838526"]]
  ↳ app/controllers/products_controller.rb:20:in `create'
  [1m[36mTRANSACTION (0.1ms)[0m  [1m[31mrollback transaction[0m
  ↳ app/controllers/products_controller.rb:20:in `create'
Completed 500 Internal Server Error in 11ms (ActiveRecord: 1.2ms | Allocations: 4278)


  
NameError (undefined local variable or method `byebug' for #<Product id: nil, name: "Redmi Pro 12", unity: "UN", color: "Ciano", created_at: "2023-06-08 13:39:25.838526000 +0000", updated_at: "2023-06-08 13:39:25.838526000 +0000">):
  
app/models/product.rb:7:in `publish_product'
app/controllers/products_controller.rb:20:in `create'
Started POST "/products" for 127.0.0.1 at 2023-06-08 10:40:22 -0300
  [1m[36mActiveRecord::SchemaMigration Pluck (0.1ms)[0m  [1m[34mSELECT "schema_migrations"."version" FROM "schema_migrations" ORDER BY "schema_migrations"."version" ASC[0m
Processing by ProductsController#create as */*
  Parameters: {"product"=>{"name"=>"Redmi Pro 12", "unity"=>"UN", "color"=>"Ciano"}}
  [1m[36mTRANSACTION (0.1ms)[0m  [1m[36mbegin transaction[0m
  ↳ app/controllers/products_controller.rb:20:in `create'
  [1m[36mProduct Create (0.4ms)[0m  [1m[32mINSERT INTO "products" ("name", "unity", "color", "created_at", "updated_at") VALUES (?, ?, ?, ?, ?)[0m  [["name", "Redmi Pro 12"], ["unity", "UN"], ["color", "Ciano"], ["created_at", "2023-06-08 13:40:22.601400"], ["updated_at", "2023-06-08 13:40:22.601400"]]
  ↳ app/controllers/products_controller.rb:20:in `create'
  [1m[36mTRANSACTION (4.6ms)[0m  [1m[36mcommit transaction[0m
  ↳ app/controllers/products_controller.rb:20:in `create'
Completed 201 Created in 145166ms (Views: 0.8ms | ActiveRecord: 5.8ms | Allocations: 74470)


  [1m[36mActiveRecord::SchemaMigration Pluck (0.1ms)[0m  [1m[34mSELECT "schema_migrations"."version" FROM "schema_migrations" ORDER BY "schema_migrations"."version" ASC[0m
  [1m[36mActiveRecord::InternalMetadata Pluck (0.1ms)[0m  [1m[34mSELECT "ar_internal_metadata"."value" FROM "ar_internal_metadata" WHERE "ar_internal_metadata"."key" = ? LIMIT ?[0m  [["key", "environment"], ["LIMIT", 1]]
  [1m[36mActiveRecord::SchemaMigration Pluck (0.0ms)[0m  [1m[34mSELECT "schema_migrations"."version" FROM "schema_migrations" ORDER BY "schema_migrations"."version" ASC[0m
  [1m[36mActiveRecord::InternalMetadata Pluck (0.0ms)[0m  [1m[34mSELECT "ar_internal_metadata"."value" FROM "ar_internal_metadata" WHERE "ar_internal_metadata"."key" = ? LIMIT ?[0m  [["key", "environment"], ["LIMIT", 1]]
  [1m[36mActiveRecord::SchemaMigration Pluck (0.0ms)[0m  [1m[34mSELECT "schema_migrations"."version" FROM "schema_migrations" ORDER BY "schema_migrations"."version" ASC[0m
  [1m[36mActiveRecord::InternalMetadata Pluck (0.0ms)[0m  [1m[34mSELECT "ar_internal_metadata"."value" FROM "ar_internal_metadata" WHERE "ar_internal_metadata"."key" = ? LIMIT ?[0m  [["key", "environment"], ["LIMIT", 1]]
  [1m[35m (638.2ms)[0m  [1m[35mCREATE TABLE "schema_migrations" ("version" varchar NOT NULL PRIMARY KEY)[0m
  [1m[35m (260.1ms)[0m  [1m[35mCREATE TABLE "ar_internal_metadata" ("key" varchar NOT NULL PRIMARY KEY, "value" varchar, "created_at" datetime(6) NOT NULL, "updated_at" datetime(6) NOT NULL)[0m
  [1m[36mActiveRecord::SchemaMigration Pluck (0.3ms)[0m  [1m[34mSELECT "schema_migrations"."version" FROM "schema_migrations" ORDER BY "schema_migrations"."version" ASC[0m
Migrating to CreateProducts (20230605130115)
  [1m[36mTRANSACTION (0.1ms)[0m  [1m[36mbegin transaction[0m
  [1m[35m (0.8ms)[0m  [1m[35mCREATE TABLE "products" ("id" integer PRIMARY KEY AUTOINCREMENT NOT NULL, "name" varchar, "unity" varchar, "color" varchar, "created_at" datetime(6) NOT NULL, "updated_at" datetime(6) NOT NULL)[0m
  [1m[36mActiveRecord::SchemaMigration Create (0.2ms)[0m  [1m[32mINSERT INTO "schema_migrations" ("version") VALUES (?)[0m  [["version", "20230605130115"]]
  [1m[36mTRANSACTION (352.4ms)[0m  [1m[36mcommit transaction[0m
  [1m[36mActiveRecord::InternalMetadata Load (0.4ms)[0m  [1m[34mSELECT "ar_internal_metadata".* FROM "ar_internal_metadata" WHERE "ar_internal_metadata"."key" = ? LIMIT ?[0m  [["key", "environment"], ["LIMIT", 1]]
  [1m[36mTRANSACTION (0.2ms)[0m  [1m[36mbegin transaction[0m
  [1m[36mActiveRecord::InternalMetadata Create (0.6ms)[0m  [1m[32mINSERT INTO "ar_internal_metadata" ("key", "value", "created_at", "updated_at") VALUES (?, ?, ?, ?)[0m  [["key", "environment"], ["value", "development"], ["created_at", "2023-06-24 16:46:13.196668"], ["updated_at", "2023-06-24 16:46:13.196668"]]
  [1m[36mTRANSACTION (371.0ms)[0m  [1m[36mcommit transaction[0m
  [1m[36mActiveRecord::SchemaMigration Pluck (0.4ms)[0m  [1m[34mSELECT "schema_migrations"."version" FROM "schema_migrations" ORDER BY "schema_migrations"."version" ASC[0m
  [1m[36mActiveRecord::SchemaMigration Pluck (0.3ms)[0m  [1m[34mSELECT "schema_migrations"."version" FROM "schema_migrations" ORDER BY "schema_migrations"."version" ASC[0m
Started POST "/products" for 127.0.0.1 at 2023-06-24 13:47:10 -0300
  [1m[36mActiveRecord::SchemaMigration Pluck (0.1ms)[0m  [1m[34mSELECT "schema_migrations"."version" FROM "schema_migrations" ORDER BY "schema_migrations"."version" ASC[0m
Processing by ProductsController#create as */*
  Parameters: {"product"=>{"name"=>"Xbox Series S", "unity"=>"unidade", "color"=>"branco"}}
  [1m[36mTRANSACTION (0.0ms)[0m  [1m[36mbegin transaction[0m
  ↳ app/controllers/products_controller.rb:20:in `create'
  [1m[36mProduct Create (0.2ms)[0m  [1m[32mINSERT INTO "products" ("name", "unity", "color", "created_at", "updated_at") VALUES (?, ?, ?, ?, ?)[0m  [["name", "Xbox Series S"], ["unity", "unidade"], ["color", "branco"], ["created_at", "2023-06-24 16:47:10.769001"], ["updated_at", "2023-06-24 16:47:10.769001"]]
  ↳ app/controllers/products_controller.rb:20:in `create'
  [1m[36mTRANSACTION (207.9ms)[0m  [1m[36mcommit transaction[0m
  ↳ app/controllers/products_controller.rb:20:in `create'
Completed 201 Created in 261ms (Views: 1.4ms | ActiveRecord: 208.9ms | Allocations: 15595)


Started POST "/products" for 127.0.0.1 at 2023-06-24 14:18:26 -0300
Processing by ProductsController#create as */*
  Parameters: {"product"=>{"name"=>"Xbox Series S", "unity"=>"unidade", "color"=>"branco"}}
  [1m[36mTRANSACTION (0.0ms)[0m  [1m[36mbegin transaction[0m
  ↳ app/controllers/products_controller.rb:20:in `create'
  [1m[36mProduct Create (0.1ms)[0m  [1m[32mINSERT INTO "products" ("name", "unity", "color", "created_at", "updated_at") VALUES (?, ?, ?, ?, ?)[0m  [["name", "Xbox Series S"], ["unity", "unidade"], ["color", "branco"], ["created_at", "2023-06-24 17:18:26.486936"], ["updated_at", "2023-06-24 17:18:26.486936"]]
  ↳ app/controllers/products_controller.rb:20:in `create'
  [1m[36mTRANSACTION (204.9ms)[0m  [1m[36mcommit transaction[0m
  ↳ app/controllers/products_controller.rb:20:in `create'
Completed 201 Created in 220ms (Views: 1.1ms | ActiveRecord: 205.3ms | Allocations: 4491)


Started POST "/products" for 127.0.0.1 at 2023-06-24 14:19:19 -0300
Processing by ProductsController#create as */*
  Parameters: {"product"=>{"name"=>"Xbox Series S", "unity"=>"unidade", "color"=>"branco"}}
  [1m[36mTRANSACTION (0.0ms)[0m  [1m[36mbegin transaction[0m
  ↳ app/controllers/products_controller.rb:20:in `create'
  [1m[36mProduct Create (0.1ms)[0m  [1m[32mINSERT INTO "products" ("name", "unity", "color", "created_at", "updated_at") VALUES (?, ?, ?, ?, ?)[0m  [["name", "Xbox Series S"], ["unity", "unidade"], ["color", "branco"], ["created_at", "2023-06-24 17:19:19.470761"], ["updated_at", "2023-06-24 17:19:19.470761"]]
  ↳ app/controllers/products_controller.rb:20:in `create'
  [1m[36mTRANSACTION (308.4ms)[0m  [1m[36mcommit transaction[0m
  ↳ app/controllers/products_controller.rb:20:in `create'
Completed 201 Created in 323ms (Views: 0.9ms | ActiveRecord: 308.5ms | Allocations: 4360)


Started POST "/products" for 127.0.0.1 at 2023-06-24 14:20:56 -0300
Processing by ProductsController#create as */*
  Parameters: {"product"=>{"name"=>"Xbox Series S", "unity"=>"unidade", "color"=>"branco"}}
  [1m[36mTRANSACTION (0.0ms)[0m  [1m[36mbegin transaction[0m
  ↳ app/controllers/products_controller.rb:20:in `create'
  [1m[36mProduct Create (0.2ms)[0m  [1m[32mINSERT INTO "products" ("name", "unity", "color", "created_at", "updated_at") VALUES (?, ?, ?, ?, ?)[0m  [["name", "Xbox Series S"], ["unity", "unidade"], ["color", "branco"], ["created_at", "2023-06-24 17:20:56.075627"], ["updated_at", "2023-06-24 17:20:56.075627"]]
  ↳ app/controllers/products_controller.rb:20:in `create'
  [1m[36mTRANSACTION (362.3ms)[0m  [1m[36mcommit transaction[0m
  ↳ app/controllers/products_controller.rb:20:in `create'
Completed 201 Created in 411ms (Views: 1.1ms | ActiveRecord: 362.5ms | Allocations: 4361)


Started POST "/products" for 127.0.0.1 at 2023-06-24 14:21:53 -0300
Processing by ProductsController#create as */*
  Parameters: {"product"=>{"name"=>"Xbox Series S", "unity"=>"unidade", "color"=>"branco"}}
  [1m[36mTRANSACTION (0.0ms)[0m  [1m[36mbegin transaction[0m
  ↳ app/controllers/products_controller.rb:20:in `create'
  [1m[36mProduct Create (0.1ms)[0m  [1m[32mINSERT INTO "products" ("name", "unity", "color", "created_at", "updated_at") VALUES (?, ?, ?, ?, ?)[0m  [["name", "Xbox Series S"], ["unity", "unidade"], ["color", "branco"], ["created_at", "2023-06-24 17:21:53.093153"], ["updated_at", "2023-06-24 17:21:53.093153"]]
  ↳ app/controllers/products_controller.rb:20:in `create'
  [1m[36mTRANSACTION (186.2ms)[0m  [1m[36mcommit transaction[0m
  ↳ app/controllers/products_controller.rb:20:in `create'
Completed 201 Created in 198ms (Views: 0.5ms | ActiveRecord: 186.4ms | Allocations: 4358)


  [1m[36mActiveRecord::SchemaMigration Pluck (0.1ms)[0m  [1m[34mSELECT "schema_migrations"."version" FROM "schema_migrations" ORDER BY "schema_migrations"."version" ASC[0m
  [1m[36mActiveRecord::InternalMetadata Pluck (0.1ms)[0m  [1m[34mSELECT "ar_internal_metadata"."value" FROM "ar_internal_metadata" WHERE "ar_internal_metadata"."key" = ? LIMIT ?[0m  [["key", "environment"], ["LIMIT", 1]]
  [1m[36mActiveRecord::SchemaMigration Pluck (0.0ms)[0m  [1m[34mSELECT "schema_migrations"."version" FROM "schema_migrations" ORDER BY "schema_migrations"."version" ASC[0m
  [1m[36mActiveRecord::InternalMetadata Pluck (0.0ms)[0m  [1m[34mSELECT "ar_internal_metadata"."value" FROM "ar_internal_metadata" WHERE "ar_internal_metadata"."key" = ? LIMIT ?[0m  [["key", "environment"], ["LIMIT", 1]]
  [1m[36mActiveRecord::SchemaMigration Pluck (0.0ms)[0m  [1m[34mSELECT "schema_migrations"."version" FROM "schema_migrations" ORDER BY "schema_migrations"."version" ASC[0m
  [1m[36mActiveRecord::InternalMetadata Pluck (0.0ms)[0m  [1m[34mSELECT "ar_internal_metadata"."value" FROM "ar_internal_metadata" WHERE "ar_internal_metadata"."key" = ? LIMIT ?[0m  [["key", "environment"], ["LIMIT", 1]]
  [1m[35m (141.7ms)[0m  [1m[35mCREATE TABLE "schema_migrations" ("version" varchar NOT NULL PRIMARY KEY)[0m
  [1m[35m (130.8ms)[0m  [1m[35mCREATE TABLE "ar_internal_metadata" ("key" varchar NOT NULL PRIMARY KEY, "value" varchar, "created_at" datetime(6) NOT NULL, "updated_at" datetime(6) NOT NULL)[0m
  [1m[36mActiveRecord::SchemaMigration Pluck (0.4ms)[0m  [1m[34mSELECT "schema_migrations"."version" FROM "schema_migrations" ORDER BY "schema_migrations"."version" ASC[0m
Migrating to CreateProducts (20230605130115)
  [1m[36mTRANSACTION (0.1ms)[0m  [1m[36mbegin transaction[0m
  [1m[35m (0.6ms)[0m  [1m[35mCREATE TABLE "products" ("id" integer PRIMARY KEY AUTOINCREMENT NOT NULL, "name" varchar, "unity" varchar, "color" varchar, "created_at" datetime(6) NOT NULL, "updated_at" datetime(6) NOT NULL)[0m
  [1m[36mActiveRecord::SchemaMigration Create (0.2ms)[0m  [1m[32mINSERT INTO "schema_migrations" ("version") VALUES (?)[0m  [["version", "20230605130115"]]
  [1m[36mTRANSACTION (146.9ms)[0m  [1m[36mcommit transaction[0m
  [1m[36mActiveRecord::InternalMetadata Load (0.4ms)[0m  [1m[34mSELECT "ar_internal_metadata".* FROM "ar_internal_metadata" WHERE "ar_internal_metadata"."key" = ? LIMIT ?[0m  [["key", "environment"], ["LIMIT", 1]]
  [1m[36mTRANSACTION (0.2ms)[0m  [1m[36mbegin transaction[0m
  [1m[36mActiveRecord::InternalMetadata Create (0.6ms)[0m  [1m[32mINSERT INTO "ar_internal_metadata" ("key", "value", "created_at", "updated_at") VALUES (?, ?, ?, ?)[0m  [["key", "environment"], ["value", "development"], ["created_at", "2023-06-24 17:22:47.703333"], ["updated_at", "2023-06-24 17:22:47.703333"]]
  [1m[36mTRANSACTION (100.1ms)[0m  [1m[36mcommit transaction[0m
  [1m[36mActiveRecord::SchemaMigration Pluck (0.5ms)[0m  [1m[34mSELECT "schema_migrations"."version" FROM "schema_migrations" ORDER BY "schema_migrations"."version" ASC[0m
  [1m[36mActiveRecord::SchemaMigration Pluck (0.2ms)[0m  [1m[34mSELECT "schema_migrations"."version" FROM "schema_migrations" ORDER BY "schema_migrations"."version" ASC[0m
  [1m[36mActiveRecord::SchemaMigration Pluck (0.1ms)[0m  [1m[34mSELECT "schema_migrations"."version" FROM "schema_migrations" ORDER BY "schema_migrations"."version" ASC[0m
  [1m[36mActiveRecord::InternalMetadata Pluck (0.1ms)[0m  [1m[34mSELECT "ar_internal_metadata"."value" FROM "ar_internal_metadata" WHERE "ar_internal_metadata"."key" = ? LIMIT ?[0m  [["key", "environment"], ["LIMIT", 1]]
  [1m[36mActiveRecord::SchemaMigration Pluck (0.0ms)[0m  [1m[34mSELECT "schema_migrations"."version" FROM "schema_migrations" ORDER BY "schema_migrations"."version" ASC[0m
  [1m[36mActiveRecord::InternalMetadata Pluck (0.0ms)[0m  [1m[34mSELECT "ar_internal_metadata"."value" FROM "ar_internal_metadata" WHERE "ar_internal_metadata"."key" = ? LIMIT ?[0m  [["key", "environment"], ["LIMIT", 1]]
  [1m[36mActiveRecord::SchemaMigration Pluck (0.0ms)[0m  [1m[34mSELECT "schema_migrations"."version" FROM "schema_migrations" ORDER BY "schema_migrations"."version" ASC[0m
  [1m[36mActiveRecord::InternalMetadata Pluck (0.0ms)[0m  [1m[34mSELECT "ar_internal_metadata"."value" FROM "ar_internal_metadata" WHERE "ar_internal_metadata"."key" = ? LIMIT ?[0m  [["key", "environment"], ["LIMIT", 1]]
  [1m[35m (128.1ms)[0m  [1m[35mCREATE TABLE "schema_migrations" ("version" varchar NOT NULL PRIMARY KEY)[0m
  [1m[35m (197.5ms)[0m  [1m[35mCREATE TABLE "ar_internal_metadata" ("key" varchar NOT NULL PRIMARY KEY, "value" varchar, "created_at" datetime(6) NOT NULL, "updated_at" datetime(6) NOT NULL)[0m
  [1m[36mActiveRecord::SchemaMigration Pluck (0.4ms)[0m  [1m[34mSELECT "schema_migrations"."version" FROM "schema_migrations" ORDER BY "schema_migrations"."version" ASC[0m
Migrating to CreateProducts (20230605130115)
  [1m[36mTRANSACTION (0.2ms)[0m  [1m[36mbegin transaction[0m
  [1m[35m (0.9ms)[0m  [1m[35mCREATE TABLE "products" ("id" integer PRIMARY KEY AUTOINCREMENT NOT NULL, "name" varchar, "unity" varchar, "color" varchar, "created_at" datetime(6) NOT NULL, "updated_at" datetime(6) NOT NULL)[0m
  [1m[36mActiveRecord::SchemaMigration Create (0.4ms)[0m  [1m[32mINSERT INTO "schema_migrations" ("version") VALUES (?)[0m  [["version", "20230605130115"]]
  [1m[36mTRANSACTION (121.1ms)[0m  [1m[36mcommit transaction[0m
  [1m[36mActiveRecord::InternalMetadata Load (0.4ms)[0m  [1m[34mSELECT "ar_internal_metadata".* FROM "ar_internal_metadata" WHERE "ar_internal_metadata"."key" = ? LIMIT ?[0m  [["key", "environment"], ["LIMIT", 1]]
  [1m[36mTRANSACTION (0.2ms)[0m  [1m[36mbegin transaction[0m
  [1m[36mActiveRecord::InternalMetadata Create (0.7ms)[0m  [1m[32mINSERT INTO "ar_internal_metadata" ("key", "value", "created_at", "updated_at") VALUES (?, ?, ?, ?)[0m  [["key", "environment"], ["value", "development"], ["created_at", "2023-06-24 17:22:59.297903"], ["updated_at", "2023-06-24 17:22:59.297903"]]
  [1m[36mTRANSACTION (99.3ms)[0m  [1m[36mcommit transaction[0m
  [1m[36mActiveRecord::SchemaMigration Pluck (0.3ms)[0m  [1m[34mSELECT "schema_migrations"."version" FROM "schema_migrations" ORDER BY "schema_migrations"."version" ASC[0m
  [1m[36mActiveRecord::SchemaMigration Pluck (0.3ms)[0m  [1m[34mSELECT "schema_migrations"."version" FROM "schema_migrations" ORDER BY "schema_migrations"."version" ASC[0m
Started POST "/products" for 127.0.0.1 at 2023-06-24 14:23:09 -0300
  [1m[36mActiveRecord::SchemaMigration Pluck (0.1ms)[0m  [1m[34mSELECT "schema_migrations"."version" FROM "schema_migrations" ORDER BY "schema_migrations"."version" ASC[0m
Processing by ProductsController#create as */*
  Parameters: {"product"=>{"name"=>"Xbox Series S", "unity"=>"unidade", "color"=>"branco"}}
  [1m[36mTRANSACTION (0.1ms)[0m  [1m[36mbegin transaction[0m
  ↳ app/controllers/products_controller.rb:20:in `create'
  [1m[36mProduct Create (0.2ms)[0m  [1m[32mINSERT INTO "products" ("name", "unity", "color", "created_at", "updated_at") VALUES (?, ?, ?, ?, ?)[0m  [["name", "Xbox Series S"], ["unity", "unidade"], ["color", "branco"], ["created_at", "2023-06-24 17:23:09.727322"], ["updated_at", "2023-06-24 17:23:09.727322"]]
  ↳ app/controllers/products_controller.rb:20:in `create'
  [1m[36mTRANSACTION (160.5ms)[0m  [1m[36mcommit transaction[0m
  ↳ app/controllers/products_controller.rb:20:in `create'
Completed 201 Created in 200ms (Views: 1.8ms | ActiveRecord: 161.4ms | Allocations: 13726)


Started POST "/products" for 127.0.0.1 at 2023-06-24 14:23:22 -0300
Processing by ProductsController#create as */*
  Parameters: {"product"=>{"name"=>"Xbox Series S", "unity"=>"unidade", "color"=>"branco"}}
  [1m[36mTRANSACTION (0.1ms)[0m  [1m[36mbegin transaction[0m
  ↳ app/controllers/products_controller.rb:20:in `create'
  [1m[36mProduct Create (0.2ms)[0m  [1m[32mINSERT INTO "products" ("name", "unity", "color", "created_at", "updated_at") VALUES (?, ?, ?, ?, ?)[0m  [["name", "Xbox Series S"], ["unity", "unidade"], ["color", "branco"], ["created_at", "2023-06-24 17:23:22.879375"], ["updated_at", "2023-06-24 17:23:22.879375"]]
  ↳ app/controllers/products_controller.rb:20:in `create'
  [1m[36mTRANSACTION (250.1ms)[0m  [1m[36mcommit transaction[0m
  ↳ app/controllers/products_controller.rb:20:in `create'
Completed 201 Created in 268ms (Views: 1.0ms | ActiveRecord: 250.4ms | Allocations: 4364)


Started POST "/products" for 127.0.0.1 at 2023-06-24 14:23:32 -0300
Processing by ProductsController#create as */*
  Parameters: {"product"=>{"name"=>"Xbox Series X", "unity"=>"unidade", "color"=>"branco"}}
  [1m[36mTRANSACTION (0.0ms)[0m  [1m[36mbegin transaction[0m
  ↳ app/controllers/products_controller.rb:20:in `create'
  [1m[36mProduct Create (0.2ms)[0m  [1m[32mINSERT INTO "products" ("name", "unity", "color", "created_at", "updated_at") VALUES (?, ?, ?, ?, ?)[0m  [["name", "Xbox Series X"], ["unity", "unidade"], ["color", "branco"], ["created_at", "2023-06-24 17:23:32.862001"], ["updated_at", "2023-06-24 17:23:32.862001"]]
  ↳ app/controllers/products_controller.rb:20:in `create'
  [1m[36mTRANSACTION (392.4ms)[0m  [1m[36mcommit transaction[0m
  ↳ app/controllers/products_controller.rb:20:in `create'
Completed 201 Created in 409ms (Views: 1.1ms | ActiveRecord: 392.6ms | Allocations: 4358)


