  [1m[35m (5.5ms)[0m  [1m[35mCREATE TABLE "schema_migrations" ("version" varchar NOT NULL PRIMARY KEY)[0m
  [1m[35m (1.7ms)[0m  [1m[35mCREATE TABLE "ar_internal_metadata" ("key" varchar NOT NULL PRIMARY KEY, "value" varchar, "created_at" datetime(6) NOT NULL, "updated_at" datetime(6) NOT NULL)[0m
  [1m[36mActiveRecord::SchemaMigration Pluck (0.2ms)[0m  [1m[34mSELECT "schema_migrations"."version" FROM "schema_migrations" ORDER BY "schema_migrations"."version" ASC[0m
Migrating to CreateItems (20230605130230)
  [1m[36mTRANSACTION (0.1ms)[0m  [1m[36mbegin transaction[0m
  [1m[35m (0.3ms)[0m  [1m[35mCREATE TABLE "items" ("id" integer PRIMARY KEY AUTOINCREMENT NOT NULL, "name" varchar, "unity" varchar, "color" varchar, "quantity" integer, "created_at" datetime(6) NOT NULL, "updated_at" datetime(6) NOT NULL)[0m
  [1m[36mActiveRecord::SchemaMigration Create (0.2ms)[0m  [1m[32mINSERT INTO "schema_migrations" ("version") VALUES (?)[0m  [["version", "20230605130230"]]
  [1m[36mTRANSACTION (1.9ms)[0m  [1m[36mcommit transaction[0m
  [1m[36mActiveRecord::InternalMetadata Load (0.1ms)[0m  [1m[34mSELECT "ar_internal_metadata".* FROM "ar_internal_metadata" WHERE "ar_internal_metadata"."key" = ? LIMIT ?[0m  [["key", "environment"], ["LIMIT", 1]]
  [1m[36mTRANSACTION (0.1ms)[0m  [1m[36mbegin transaction[0m
  [1m[36mActiveRecord::InternalMetadata Create (0.2ms)[0m  [1m[32mINSERT INTO "ar_internal_metadata" ("key", "value", "created_at", "updated_at") VALUES (?, ?, ?, ?)[0m  [["key", "environment"], ["value", "development"], ["created_at", "2023-06-07 19:12:19.430640"], ["updated_at", "2023-06-07 19:12:19.430640"]]
  [1m[36mTRANSACTION (1.9ms)[0m  [1m[36mcommit transaction[0m
  [1m[36mActiveRecord::SchemaMigration Pluck (0.1ms)[0m  [1m[34mSELECT "schema_migrations"."version" FROM "schema_migrations" ORDER BY "schema_migrations"."version" ASC[0m
  [1m[36mActiveRecord::SchemaMigration Pluck (0.1ms)[0m  [1m[34mSELECT "schema_migrations"."version" FROM "schema_migrations" ORDER BY "schema_migrations"."version" ASC[0m
Started GET "/items" for 127.0.0.1 at 2023-06-07 16:36:15 -0300
  [1m[36mActiveRecord::SchemaMigration Pluck (0.1ms)[0m  [1m[34mSELECT "schema_migrations"."version" FROM "schema_migrations" ORDER BY "schema_migrations"."version" ASC[0m
Processing by ItemsController#index as */*
  [1m[36mItem Load (0.2ms)[0m  [1m[34mSELECT "items".* FROM "items"[0m
  ↳ app/controllers/items_controller.rb:8:in `index'
Completed 200 OK in 14ms (Views: 2.3ms | ActiveRecord: 0.2ms | Allocations: 4846)


Started GET "/items" for 127.0.0.1 at 2023-06-07 16:45:45 -0300
Processing by ItemsController#index as */*
  [1m[36mItem Load (0.1ms)[0m  [1m[34mSELECT "items".* FROM "items"[0m
  ↳ app/controllers/items_controller.rb:8:in `index'
Completed 200 OK in 2ms (Views: 1.9ms | ActiveRecord: 0.3ms | Allocations: 863)


Started GET "/items" for 127.0.0.1 at 2023-06-07 17:09:22 -0300
  [1m[36mActiveRecord::SchemaMigration Pluck (0.1ms)[0m  [1m[34mSELECT "schema_migrations"."version" FROM "schema_migrations" ORDER BY "schema_migrations"."version" ASC[0m
Processing by ItemsController#index as */*
  [1m[36mItem Load (0.2ms)[0m  [1m[34mSELECT "items".* FROM "items"[0m
  ↳ app/controllers/items_controller.rb:8:in `index'
Completed 200 OK in 11ms (Views: 1.5ms | ActiveRecord: 0.2ms | Allocations: 3703)


Started GET "/items" for 127.0.0.1 at 2023-06-07 17:09:26 -0300
Processing by ItemsController#index as */*
  [1m[36mItem Load (0.1ms)[0m  [1m[34mSELECT "items".* FROM "items"[0m
  ↳ app/controllers/items_controller.rb:8:in `index'
Completed 200 OK in 1ms (Views: 1.2ms | ActiveRecord: 0.1ms | Allocations: 701)


Started GET "/items" for 127.0.0.1 at 2023-06-07 20:19:26 -0300
  [1m[36mActiveRecord::SchemaMigration Pluck (0.1ms)[0m  [1m[34mSELECT "schema_migrations"."version" FROM "schema_migrations" ORDER BY "schema_migrations"."version" ASC[0m
Processing by ItemsController#index as */*
  [1m[36mItem Load (0.3ms)[0m  [1m[34mSELECT "items".* FROM "items"[0m
  ↳ app/controllers/items_controller.rb:8:in `index'
Completed 200 OK in 11ms (Views: 1.4ms | ActiveRecord: 0.3ms | Allocations: 3703)


Started GET "/items" for 127.0.0.1 at 2023-06-07 20:19:36 -0300
Processing by ItemsController#index as */*
  [1m[36mItem Load (0.1ms)[0m  [1m[34mSELECT "items".* FROM "items"[0m
  ↳ app/controllers/items_controller.rb:8:in `index'
Completed 200 OK in 1ms (Views: 1.2ms | ActiveRecord: 0.1ms | Allocations: 701)


  [1m[36mActiveRecord::SchemaMigration Pluck (0.1ms)[0m  [1m[34mSELECT "schema_migrations"."version" FROM "schema_migrations" ORDER BY "schema_migrations"."version" ASC[0m
  [1m[36mActiveRecord::InternalMetadata Pluck (0.1ms)[0m  [1m[34mSELECT "ar_internal_metadata"."value" FROM "ar_internal_metadata" WHERE "ar_internal_metadata"."key" = ? LIMIT ?[0m  [["key", "environment"], ["LIMIT", 1]]
  [1m[36mActiveRecord::SchemaMigration Pluck (0.0ms)[0m  [1m[34mSELECT "schema_migrations"."version" FROM "schema_migrations" ORDER BY "schema_migrations"."version" ASC[0m
  [1m[36mActiveRecord::InternalMetadata Pluck (0.0ms)[0m  [1m[34mSELECT "ar_internal_metadata"."value" FROM "ar_internal_metadata" WHERE "ar_internal_metadata"."key" = ? LIMIT ?[0m  [["key", "environment"], ["LIMIT", 1]]
  [1m[36mActiveRecord::SchemaMigration Pluck (0.0ms)[0m  [1m[34mSELECT "schema_migrations"."version" FROM "schema_migrations" ORDER BY "schema_migrations"."version" ASC[0m
  [1m[36mActiveRecord::InternalMetadata Pluck (0.0ms)[0m  [1m[34mSELECT "ar_internal_metadata"."value" FROM "ar_internal_metadata" WHERE "ar_internal_metadata"."key" = ? LIMIT ?[0m  [["key", "environment"], ["LIMIT", 1]]
  [1m[35m (1.7ms)[0m  [1m[35mCREATE TABLE "schema_migrations" ("version" varchar NOT NULL PRIMARY KEY)[0m
  [1m[35m (1.7ms)[0m  [1m[35mCREATE TABLE "ar_internal_metadata" ("key" varchar NOT NULL PRIMARY KEY, "value" varchar, "created_at" datetime(6) NOT NULL, "updated_at" datetime(6) NOT NULL)[0m
  [1m[36mActiveRecord::SchemaMigration Pluck (0.2ms)[0m  [1m[34mSELECT "schema_migrations"."version" FROM "schema_migrations" ORDER BY "schema_migrations"."version" ASC[0m
Migrating to CreateItems (20230605130230)
  [1m[36mTRANSACTION (0.1ms)[0m  [1m[36mbegin transaction[0m
  [1m[35m (0.3ms)[0m  [1m[35mCREATE TABLE "items" ("id" integer PRIMARY KEY AUTOINCREMENT NOT NULL, "name" varchar, "unity" varchar, "color" varchar, "quantity" integer, "created_at" datetime(6) NOT NULL, "updated_at" datetime(6) NOT NULL)[0m
  [1m[36mActiveRecord::SchemaMigration Create (0.2ms)[0m  [1m[32mINSERT INTO "schema_migrations" ("version") VALUES (?)[0m  [["version", "20230605130230"]]
  [1m[36mTRANSACTION (1.7ms)[0m  [1m[36mcommit transaction[0m
  [1m[36mActiveRecord::InternalMetadata Load (0.1ms)[0m  [1m[34mSELECT "ar_internal_metadata".* FROM "ar_internal_metadata" WHERE "ar_internal_metadata"."key" = ? LIMIT ?[0m  [["key", "environment"], ["LIMIT", 1]]
  [1m[36mTRANSACTION (0.1ms)[0m  [1m[36mbegin transaction[0m
  [1m[36mActiveRecord::InternalMetadata Create (0.2ms)[0m  [1m[32mINSERT INTO "ar_internal_metadata" ("key", "value", "created_at", "updated_at") VALUES (?, ?, ?, ?)[0m  [["key", "environment"], ["value", "development"], ["created_at", "2023-06-07 23:19:45.870542"], ["updated_at", "2023-06-07 23:19:45.870542"]]
  [1m[36mTRANSACTION (1.5ms)[0m  [1m[36mcommit transaction[0m
  [1m[36mActiveRecord::SchemaMigration Pluck (0.1ms)[0m  [1m[34mSELECT "schema_migrations"."version" FROM "schema_migrations" ORDER BY "schema_migrations"."version" ASC[0m
  [1m[36mActiveRecord::SchemaMigration Pluck (0.1ms)[0m  [1m[34mSELECT "schema_migrations"."version" FROM "schema_migrations" ORDER BY "schema_migrations"."version" ASC[0m
Started GET "/items" for 127.0.0.1 at 2023-06-07 20:59:19 -0300
  [1m[36mActiveRecord::SchemaMigration Pluck (0.1ms)[0m  [1m[34mSELECT "schema_migrations"."version" FROM "schema_migrations" ORDER BY "schema_migrations"."version" ASC[0m
Processing by ItemsController#index as */*
  [1m[36mItem Load (0.1ms)[0m  [1m[34mSELECT "items".* FROM "items"[0m
  ↳ app/controllers/items_controller.rb:8:in `index'
Completed 200 OK in 8ms (Views: 1.7ms | ActiveRecord: 0.1ms | Allocations: 3703)


Started GET "/items" for 127.0.0.1 at 2023-06-07 20:59:27 -0300
Processing by ItemsController#index as */*
  [1m[36mItem Load (0.1ms)[0m  [1m[34mSELECT "items".* FROM "items"[0m
  ↳ app/controllers/items_controller.rb:8:in `index'
Completed 200 OK in 1ms (Views: 0.9ms | ActiveRecord: 0.1ms | Allocations: 701)


  [1m[36mItem Load (0.2ms)[0m  [1m[34mSELECT "items".* FROM "items"[0m
  [1m[36mActiveRecord::SchemaMigration Pluck (0.1ms)[0m  [1m[34mSELECT "schema_migrations"."version" FROM "schema_migrations" ORDER BY "schema_migrations"."version" ASC[0m
  [1m[36mActiveRecord::InternalMetadata Pluck (0.1ms)[0m  [1m[34mSELECT "ar_internal_metadata"."value" FROM "ar_internal_metadata" WHERE "ar_internal_metadata"."key" = ? LIMIT ?[0m  [["key", "environment"], ["LIMIT", 1]]
  [1m[36mActiveRecord::SchemaMigration Pluck (0.0ms)[0m  [1m[34mSELECT "schema_migrations"."version" FROM "schema_migrations" ORDER BY "schema_migrations"."version" ASC[0m
  [1m[36mActiveRecord::InternalMetadata Pluck (0.0ms)[0m  [1m[34mSELECT "ar_internal_metadata"."value" FROM "ar_internal_metadata" WHERE "ar_internal_metadata"."key" = ? LIMIT ?[0m  [["key", "environment"], ["LIMIT", 1]]
  [1m[36mActiveRecord::SchemaMigration Pluck (0.0ms)[0m  [1m[34mSELECT "schema_migrations"."version" FROM "schema_migrations" ORDER BY "schema_migrations"."version" ASC[0m
  [1m[36mActiveRecord::InternalMetadata Pluck (0.0ms)[0m  [1m[34mSELECT "ar_internal_metadata"."value" FROM "ar_internal_metadata" WHERE "ar_internal_metadata"."key" = ? LIMIT ?[0m  [["key", "environment"], ["LIMIT", 1]]
  [1m[35m (5.1ms)[0m  [1m[35mCREATE TABLE "schema_migrations" ("version" varchar NOT NULL PRIMARY KEY)[0m
  [1m[35m (1.5ms)[0m  [1m[35mCREATE TABLE "ar_internal_metadata" ("key" varchar NOT NULL PRIMARY KEY, "value" varchar, "created_at" datetime(6) NOT NULL, "updated_at" datetime(6) NOT NULL)[0m
  [1m[36mActiveRecord::SchemaMigration Pluck (0.1ms)[0m  [1m[34mSELECT "schema_migrations"."version" FROM "schema_migrations" ORDER BY "schema_migrations"."version" ASC[0m
Migrating to CreateItems (20230605130230)
  [1m[36mTRANSACTION (0.1ms)[0m  [1m[36mbegin transaction[0m
  [1m[35m (0.3ms)[0m  [1m[35mCREATE TABLE "items" ("id" integer PRIMARY KEY AUTOINCREMENT NOT NULL, "name" varchar, "unity" varchar, "color" varchar, "quantity" integer, "created_at" datetime(6) NOT NULL, "updated_at" datetime(6) NOT NULL)[0m
  [1m[36mActiveRecord::SchemaMigration Create (0.2ms)[0m  [1m[32mINSERT INTO "schema_migrations" ("version") VALUES (?)[0m  [["version", "20230605130230"]]
  [1m[36mTRANSACTION (18.3ms)[0m  [1m[36mcommit transaction[0m
  [1m[36mActiveRecord::InternalMetadata Load (0.1ms)[0m  [1m[34mSELECT "ar_internal_metadata".* FROM "ar_internal_metadata" WHERE "ar_internal_metadata"."key" = ? LIMIT ?[0m  [["key", "environment"], ["LIMIT", 1]]
  [1m[36mTRANSACTION (0.1ms)[0m  [1m[36mbegin transaction[0m
  [1m[36mActiveRecord::InternalMetadata Create (0.2ms)[0m  [1m[32mINSERT INTO "ar_internal_metadata" ("key", "value", "created_at", "updated_at") VALUES (?, ?, ?, ?)[0m  [["key", "environment"], ["value", "development"], ["created_at", "2023-06-08 00:00:01.618210"], ["updated_at", "2023-06-08 00:00:01.618210"]]
  [1m[36mTRANSACTION (3.0ms)[0m  [1m[36mcommit transaction[0m
  [1m[36mActiveRecord::SchemaMigration Pluck (0.1ms)[0m  [1m[34mSELECT "schema_migrations"."version" FROM "schema_migrations" ORDER BY "schema_migrations"."version" ASC[0m
  [1m[36mActiveRecord::SchemaMigration Pluck (0.1ms)[0m  [1m[34mSELECT "schema_migrations"."version" FROM "schema_migrations" ORDER BY "schema_migrations"."version" ASC[0m
Started GET "/items" for 127.0.0.1 at 2023-06-07 21:05:29 -0300
  [1m[36mActiveRecord::SchemaMigration Pluck (0.1ms)[0m  [1m[34mSELECT "schema_migrations"."version" FROM "schema_migrations" ORDER BY "schema_migrations"."version" ASC[0m
Processing by ItemsController#index as */*
  [1m[36mItem Load (0.1ms)[0m  [1m[34mSELECT "items".* FROM "items"[0m
  ↳ app/controllers/items_controller.rb:8:in `index'
Completed 200 OK in 8ms (Views: 1.4ms | ActiveRecord: 0.1ms | Allocations: 3703)


Started GET "/items" for 127.0.0.1 at 2023-06-07 21:05:36 -0300
Processing by ItemsController#index as */*
  [1m[36mItem Load (0.1ms)[0m  [1m[34mSELECT "items".* FROM "items"[0m
  ↳ app/controllers/items_controller.rb:8:in `index'
Completed 200 OK in 1ms (Views: 0.9ms | ActiveRecord: 0.1ms | Allocations: 701)


Started GET "/items" for 127.0.0.1 at 2023-06-07 21:07:44 -0300
  [1m[36mActiveRecord::SchemaMigration Pluck (0.1ms)[0m  [1m[34mSELECT "schema_migrations"."version" FROM "schema_migrations" ORDER BY "schema_migrations"."version" ASC[0m
Processing by ItemsController#index as */*
  [1m[36mItem Load (0.2ms)[0m  [1m[34mSELECT "items".* FROM "items"[0m
  ↳ app/controllers/items_controller.rb:8:in `index'
Completed 200 OK in 10ms (Views: 1.7ms | ActiveRecord: 0.2ms | Allocations: 3703)


Started GET "/items" for 127.0.0.1 at 2023-06-07 21:09:10 -0300
  [1m[36mActiveRecord::SchemaMigration Pluck (0.1ms)[0m  [1m[34mSELECT "schema_migrations"."version" FROM "schema_migrations" ORDER BY "schema_migrations"."version" ASC[0m
Processing by ItemsController#index as */*
  [1m[36mItem Load (0.1ms)[0m  [1m[34mSELECT "items".* FROM "items"[0m
  ↳ app/controllers/items_controller.rb:8:in `index'
Completed 200 OK in 8ms (Views: 1.3ms | ActiveRecord: 0.1ms | Allocations: 3703)


Started GET "/items" for 127.0.0.1 at 2023-06-07 21:09:48 -0300
  [1m[36mActiveRecord::SchemaMigration Pluck (0.1ms)[0m  [1m[34mSELECT "schema_migrations"."version" FROM "schema_migrations" ORDER BY "schema_migrations"."version" ASC[0m
Processing by ItemsController#index as */*
  [1m[36mItem Load (0.1ms)[0m  [1m[34mSELECT "items".* FROM "items"[0m
  ↳ app/controllers/items_controller.rb:8:in `index'
Completed 200 OK in 9ms (Views: 1.4ms | ActiveRecord: 0.1ms | Allocations: 3703)


Started GET "/items" for 127.0.0.1 at 2023-06-07 21:09:56 -0300
Processing by ItemsController#index as */*
  [1m[36mItem Load (0.1ms)[0m  [1m[34mSELECT "items".* FROM "items"[0m
  ↳ app/controllers/items_controller.rb:8:in `index'
Completed 200 OK in 1ms (Views: 0.9ms | ActiveRecord: 0.1ms | Allocations: 701)


Started GET "/items" for 127.0.0.1 at 2023-06-08 09:31:46 -0300
  [1m[36mActiveRecord::SchemaMigration Pluck (0.1ms)[0m  [1m[34mSELECT "schema_migrations"."version" FROM "schema_migrations" ORDER BY "schema_migrations"."version" ASC[0m
Processing by ItemsController#index as */*
  [1m[36mItem Load (0.3ms)[0m  [1m[34mSELECT "items".* FROM "items"[0m
  ↳ app/controllers/items_controller.rb:8:in `index'
Completed 200 OK in 8ms (Views: 1.5ms | ActiveRecord: 0.3ms | Allocations: 3703)


Started GET "/items" for 127.0.0.1 at 2023-06-08 09:35:08 -0300
  [1m[36mActiveRecord::SchemaMigration Pluck (0.2ms)[0m  [1m[34mSELECT "schema_migrations"."version" FROM "schema_migrations" ORDER BY "schema_migrations"."version" ASC[0m
Processing by ItemsController#index as */*
  [1m[36mItem Load (0.2ms)[0m  [1m[34mSELECT "items".* FROM "items"[0m
  ↳ app/controllers/items_controller.rb:8:in `index'
Completed 200 OK in 11ms (Views: 1.4ms | ActiveRecord: 0.2ms | Allocations: 3703)


Started GET "/items" for 127.0.0.1 at 2023-06-08 09:37:23 -0300
  [1m[36mActiveRecord::SchemaMigration Pluck (0.2ms)[0m  [1m[34mSELECT "schema_migrations"."version" FROM "schema_migrations" ORDER BY "schema_migrations"."version" ASC[0m
Processing by ItemsController#index as */*
  [1m[36mItem Load (0.2ms)[0m  [1m[34mSELECT "items".* FROM "items"[0m
  ↳ app/controllers/items_controller.rb:8:in `index'
Completed 200 OK in 8ms (Views: 1.6ms | ActiveRecord: 0.2ms | Allocations: 3703)


  [1m[36mItem Count (0.3ms)[0m  [1m[34mSELECT COUNT(*) FROM "items"[0m
Started GET "/items" for 127.0.0.1 at 2023-06-08 09:38:29 -0300
  [1m[36mActiveRecord::SchemaMigration Pluck (0.2ms)[0m  [1m[34mSELECT "schema_migrations"."version" FROM "schema_migrations" ORDER BY "schema_migrations"."version" ASC[0m
Processing by ItemsController#index as */*
  [1m[36mItem Load (0.3ms)[0m  [1m[34mSELECT "items".* FROM "items"[0m
  ↳ app/controllers/items_controller.rb:8:in `index'
Completed 200 OK in 12ms (Views: 2.7ms | ActiveRecord: 0.3ms | Allocations: 3703)


Started GET "/items" for 127.0.0.1 at 2023-06-08 09:39:09 -0300
Processing by ItemsController#index as */*
  [1m[36mItem Load (0.1ms)[0m  [1m[34mSELECT "items".* FROM "items"[0m
  ↳ app/controllers/items_controller.rb:8:in `index'
Completed 200 OK in 1ms (Views: 1.1ms | ActiveRecord: 0.1ms | Allocations: 701)


Started GET "/items" for 127.0.0.1 at 2023-06-08 09:43:37 -0300
  [1m[36mActiveRecord::SchemaMigration Pluck (0.2ms)[0m  [1m[34mSELECT "schema_migrations"."version" FROM "schema_migrations" ORDER BY "schema_migrations"."version" ASC[0m
Processing by ItemsController#index as */*
  [1m[36mItem Load (0.2ms)[0m  [1m[34mSELECT "items".* FROM "items"[0m
  ↳ app/controllers/items_controller.rb:8:in `index'
Completed 200 OK in 8ms (Views: 1.3ms | ActiveRecord: 0.2ms | Allocations: 3703)


  [1m[36mTRANSACTION (0.0ms)[0m  [1m[36mbegin transaction[0m
  [1m[36mItem Create (0.3ms)[0m  [1m[32mINSERT INTO "items" ("name", "unity", "color", "quantity", "created_at", "updated_at") VALUES (?, ?, ?, ?, ?, ?)[0m  [["name", "name"], ["unity", "unity"], ["color", "color"], ["quantity", nil], ["created_at", "2023-06-08 12:44:29.200787"], ["updated_at", "2023-06-08 12:44:29.200787"]]
  [1m[36mTRANSACTION (1.3ms)[0m  [1m[36mcommit transaction[0m
Started GET "/items" for 127.0.0.1 at 2023-06-08 09:44:40 -0300
  [1m[36mActiveRecord::SchemaMigration Pluck (0.1ms)[0m  [1m[34mSELECT "schema_migrations"."version" FROM "schema_migrations" ORDER BY "schema_migrations"."version" ASC[0m
Processing by ItemsController#index as */*
  [1m[36mItem Load (0.3ms)[0m  [1m[34mSELECT "items".* FROM "items"[0m
  ↳ app/controllers/items_controller.rb:8:in `index'
Completed 200 OK in 19ms (Views: 11.3ms | ActiveRecord: 1.2ms | Allocations: 9125)


  [1m[36mActiveRecord::SchemaMigration Pluck (0.1ms)[0m  [1m[34mSELECT "schema_migrations"."version" FROM "schema_migrations" ORDER BY "schema_migrations"."version" ASC[0m
  [1m[36mActiveRecord::InternalMetadata Pluck (0.2ms)[0m  [1m[34mSELECT "ar_internal_metadata"."value" FROM "ar_internal_metadata" WHERE "ar_internal_metadata"."key" = ? LIMIT ?[0m  [["key", "environment"], ["LIMIT", 1]]
  [1m[36mActiveRecord::SchemaMigration Pluck (0.0ms)[0m  [1m[34mSELECT "schema_migrations"."version" FROM "schema_migrations" ORDER BY "schema_migrations"."version" ASC[0m
  [1m[36mActiveRecord::InternalMetadata Pluck (0.0ms)[0m  [1m[34mSELECT "ar_internal_metadata"."value" FROM "ar_internal_metadata" WHERE "ar_internal_metadata"."key" = ? LIMIT ?[0m  [["key", "environment"], ["LIMIT", 1]]
  [1m[36mActiveRecord::SchemaMigration Pluck (0.1ms)[0m  [1m[34mSELECT "schema_migrations"."version" FROM "schema_migrations" ORDER BY "schema_migrations"."version" ASC[0m
  [1m[36mActiveRecord::InternalMetadata Pluck (0.1ms)[0m  [1m[34mSELECT "ar_internal_metadata"."value" FROM "ar_internal_metadata" WHERE "ar_internal_metadata"."key" = ? LIMIT ?[0m  [["key", "environment"], ["LIMIT", 1]]
  [1m[35m (1.8ms)[0m  [1m[35mCREATE TABLE "schema_migrations" ("version" varchar NOT NULL PRIMARY KEY)[0m
  [1m[35m (1.6ms)[0m  [1m[35mCREATE TABLE "ar_internal_metadata" ("key" varchar NOT NULL PRIMARY KEY, "value" varchar, "created_at" datetime(6) NOT NULL, "updated_at" datetime(6) NOT NULL)[0m
  [1m[36mActiveRecord::SchemaMigration Pluck (0.1ms)[0m  [1m[34mSELECT "schema_migrations"."version" FROM "schema_migrations" ORDER BY "schema_migrations"."version" ASC[0m
Migrating to CreateItems (20230605130230)
  [1m[36mTRANSACTION (0.1ms)[0m  [1m[36mbegin transaction[0m
  [1m[35m (0.2ms)[0m  [1m[35mCREATE TABLE "items" ("id" integer PRIMARY KEY AUTOINCREMENT NOT NULL, "name" varchar, "unity" varchar, "color" varchar, "quantity" integer, "created_at" datetime(6) NOT NULL, "updated_at" datetime(6) NOT NULL)[0m
  [1m[36mActiveRecord::SchemaMigration Create (0.1ms)[0m  [1m[32mINSERT INTO "schema_migrations" ("version") VALUES (?)[0m  [["version", "20230605130230"]]
  [1m[36mTRANSACTION (1.5ms)[0m  [1m[36mcommit transaction[0m
  [1m[36mActiveRecord::InternalMetadata Load (0.2ms)[0m  [1m[34mSELECT "ar_internal_metadata".* FROM "ar_internal_metadata" WHERE "ar_internal_metadata"."key" = ? LIMIT ?[0m  [["key", "environment"], ["LIMIT", 1]]
  [1m[36mTRANSACTION (0.1ms)[0m  [1m[36mbegin transaction[0m
  [1m[36mActiveRecord::InternalMetadata Create (0.2ms)[0m  [1m[32mINSERT INTO "ar_internal_metadata" ("key", "value", "created_at", "updated_at") VALUES (?, ?, ?, ?)[0m  [["key", "environment"], ["value", "development"], ["created_at", "2023-06-08 12:44:55.986703"], ["updated_at", "2023-06-08 12:44:55.986703"]]
  [1m[36mTRANSACTION (1.5ms)[0m  [1m[36mcommit transaction[0m
  [1m[36mActiveRecord::SchemaMigration Pluck (0.1ms)[0m  [1m[34mSELECT "schema_migrations"."version" FROM "schema_migrations" ORDER BY "schema_migrations"."version" ASC[0m
  [1m[36mActiveRecord::SchemaMigration Pluck (0.1ms)[0m  [1m[34mSELECT "schema_migrations"."version" FROM "schema_migrations" ORDER BY "schema_migrations"."version" ASC[0m
Started GET "/items" for 127.0.0.1 at 2023-06-08 09:45:40 -0300
  [1m[36mActiveRecord::SchemaMigration Pluck (0.2ms)[0m  [1m[34mSELECT "schema_migrations"."version" FROM "schema_migrations" ORDER BY "schema_migrations"."version" ASC[0m
Processing by ItemsController#index as */*
  [1m[36mItem Load (0.1ms)[0m  [1m[34mSELECT "items".* FROM "items"[0m
  ↳ app/controllers/items_controller.rb:8:in `index'
Completed 200 OK in 9ms (Views: 1.2ms | ActiveRecord: 0.1ms | Allocations: 3703)


Started GET "/items" for 127.0.0.1 at 2023-06-08 09:48:11 -0300
  [1m[36mActiveRecord::SchemaMigration Pluck (0.3ms)[0m  [1m[34mSELECT "schema_migrations"."version" FROM "schema_migrations" ORDER BY "schema_migrations"."version" ASC[0m
Processing by ItemsController#index as */*
  [1m[36mItem Load (0.1ms)[0m  [1m[34mSELECT "items".* FROM "items"[0m
  ↳ app/controllers/items_controller.rb:8:in `index'
Completed 200 OK in 10ms (Views: 1.7ms | ActiveRecord: 0.1ms | Allocations: 3703)


  [1m[36mTRANSACTION (0.1ms)[0m  [1m[36mbegin transaction[0m
  [1m[36mItem Create (0.3ms)[0m  [1m[32mINSERT INTO "items" ("name", "unity", "color", "quantity", "created_at", "updated_at") VALUES (?, ?, ?, ?, ?, ?)[0m  [["name", "Xbox"], ["unity", "UN"], ["color", "branco"], ["quantity", nil], ["created_at", "2023-06-08 13:07:15.648412"], ["updated_at", "2023-06-08 13:07:15.648412"]]
  [1m[36mTRANSACTION (5.0ms)[0m  [1m[36mcommit transaction[0m
Started GET "/items" for 127.0.0.1 at 2023-06-08 10:07:34 -0300
  [1m[36mActiveRecord::SchemaMigration Pluck (0.1ms)[0m  [1m[34mSELECT "schema_migrations"."version" FROM "schema_migrations" ORDER BY "schema_migrations"."version" ASC[0m
Processing by ItemsController#index as */*
  [1m[36mItem Load (0.2ms)[0m  [1m[34mSELECT "items".* FROM "items"[0m
  ↳ app/controllers/items_controller.rb:8:in `index'
Completed 200 OK in 21ms (Views: 12.5ms | ActiveRecord: 0.8ms | Allocations: 9125)


Started GET "/items" for 127.0.0.1 at 2023-06-08 10:07:49 -0300
  [1m[36mActiveRecord::SchemaMigration Pluck (0.1ms)[0m  [1m[34mSELECT "schema_migrations"."version" FROM "schema_migrations" ORDER BY "schema_migrations"."version" ASC[0m
Processing by ItemsController#index as */*
  [1m[36mItem Load (0.2ms)[0m  [1m[34mSELECT "items".* FROM "items"[0m
  ↳ app/controllers/items_controller.rb:8:in `index'
Completed 200 OK in 26ms (Views: 14.2ms | ActiveRecord: 1.1ms | Allocations: 9126)


Started GET "/items" for 127.0.0.1 at 2023-06-08 10:27:50 -0300
  [1m[36mActiveRecord::SchemaMigration Pluck (0.1ms)[0m  [1m[34mSELECT "schema_migrations"."version" FROM "schema_migrations" ORDER BY "schema_migrations"."version" ASC[0m
Processing by ItemsController#index as */*
  [1m[36mItem Load (0.1ms)[0m  [1m[34mSELECT "items".* FROM "items"[0m
  ↳ app/controllers/items_controller.rb:8:in `index'
Completed 200 OK in 13ms (Views: 7.5ms | ActiveRecord: 0.5ms | Allocations: 9125)


Started GET "/items" for 127.0.0.1 at 2023-06-08 10:31:07 -0300
  [1m[36mActiveRecord::SchemaMigration Pluck (0.4ms)[0m  [1m[34mSELECT "schema_migrations"."version" FROM "schema_migrations" ORDER BY "schema_migrations"."version" ASC[0m
Processing by ItemsController#index as */*
  [1m[36mItem Load (0.2ms)[0m  [1m[34mSELECT "items".* FROM "items"[0m
  ↳ app/controllers/items_controller.rb:8:in `index'
Completed 200 OK in 21ms (Views: 11.4ms | ActiveRecord: 0.7ms | Allocations: 9125)


  [1m[36mTRANSACTION (0.0ms)[0m  [1m[36mbegin transaction[0m
  ↳ app/services/create_item.rb:3:in `execute'
  [1m[36mItem Create (0.2ms)[0m  [1m[32mINSERT INTO "items" ("name", "unity", "color", "quantity", "created_at", "updated_at") VALUES (?, ?, ?, ?, ?, ?)[0m  [["name", "Xbox"], ["unity", "UN"], ["color", "branco"], ["quantity", nil], ["created_at", "2023-06-08 13:31:12.639767"], ["updated_at", "2023-06-08 13:31:12.639767"]]
  ↳ app/services/create_item.rb:3:in `execute'
  [1m[36mTRANSACTION (5.4ms)[0m  [1m[36mcommit transaction[0m
  ↳ app/services/create_item.rb:3:in `execute'
Started GET "/items" for 127.0.0.1 at 2023-06-08 10:31:17 -0300
Processing by ItemsController#index as */*
  [1m[36mItem Load (0.1ms)[0m  [1m[34mSELECT "items".* FROM "items"[0m
  ↳ app/controllers/items_controller.rb:8:in `index'
Completed 200 OK in 2ms (Views: 1.9ms | ActiveRecord: 0.1ms | Allocations: 962)


  [1m[36mTRANSACTION (0.1ms)[0m  [1m[36mbegin transaction[0m
  ↳ app/services/create_item.rb:3:in `execute'
  [1m[36mItem Create (0.2ms)[0m  [1m[32mINSERT INTO "items" ("name", "unity", "color", "quantity", "created_at", "updated_at") VALUES (?, ?, ?, ?, ?, ?)[0m  [["name", "Playstation 5"], ["unity", "UN"], ["color", "branco"], ["quantity", nil], ["created_at", "2023-06-08 13:31:47.022660"], ["updated_at", "2023-06-08 13:31:47.022660"]]
  ↳ app/services/create_item.rb:3:in `execute'
  [1m[36mTRANSACTION (5.0ms)[0m  [1m[36mcommit transaction[0m
  ↳ app/services/create_item.rb:3:in `execute'
Started GET "/items" for 127.0.0.1 at 2023-06-08 10:31:49 -0300
Processing by ItemsController#index as */*
  [1m[36mItem Load (0.1ms)[0m  [1m[34mSELECT "items".* FROM "items"[0m
  ↳ app/controllers/items_controller.rb:8:in `index'
Completed 200 OK in 3ms (Views: 2.2ms | ActiveRecord: 0.1ms | Allocations: 1085)


Started PUT "/items/1" for 127.0.0.1 at 2023-06-08 10:33:21 -0300
Processing by ItemsController#update as */*
  Parameters: {"quantity"=>10, "id"=>"1", "item"=>{"quantity"=>10}}
  [1m[36mItem Load (0.2ms)[0m  [1m[34mSELECT "items".* FROM "items" WHERE "items"."id" = ? LIMIT ?[0m  [["id", 1], ["LIMIT", 1]]
  ↳ app/controllers/items_controller.rb:44:in `set_item'
  [1m[36mTRANSACTION (0.1ms)[0m  [1m[36mbegin transaction[0m
  ↳ app/controllers/items_controller.rb:29:in `update'
  [1m[36mItem Update (0.3ms)[0m  [1m[33mUPDATE "items" SET "quantity" = ?, "updated_at" = ? WHERE "items"."id" = ?[0m  [["quantity", 10], ["updated_at", "2023-06-08 13:33:21.160231"], ["id", 1]]
  ↳ app/controllers/items_controller.rb:29:in `update'
  [1m[36mTRANSACTION (1.8ms)[0m  [1m[36mcommit transaction[0m
  ↳ app/controllers/items_controller.rb:29:in `update'
Completed 200 OK in 21ms (Views: 0.4ms | ActiveRecord: 2.3ms | Allocations: 4900)


Started PUT "/items/2" for 127.0.0.1 at 2023-06-08 10:33:43 -0300
Processing by ItemsController#update as */*
  Parameters: {"quantity"=>5, "color"=>"Preto", "id"=>"2", "item"=>{"color"=>"Preto", "quantity"=>5}}
  [1m[36mItem Load (0.1ms)[0m  [1m[34mSELECT "items".* FROM "items" WHERE "items"."id" = ? LIMIT ?[0m  [["id", 2], ["LIMIT", 1]]
  ↳ app/controllers/items_controller.rb:44:in `set_item'
  [1m[36mTRANSACTION (0.0ms)[0m  [1m[36mbegin transaction[0m
  ↳ app/controllers/items_controller.rb:29:in `update'
  [1m[36mItem Update (0.2ms)[0m  [1m[33mUPDATE "items" SET "color" = ?, "quantity" = ?, "updated_at" = ? WHERE "items"."id" = ?[0m  [["color", "Preto"], ["quantity", 5], ["updated_at", "2023-06-08 13:33:43.543034"], ["id", 2]]
  ↳ app/controllers/items_controller.rb:29:in `update'
  [1m[36mTRANSACTION (2.0ms)[0m  [1m[36mcommit transaction[0m
  ↳ app/controllers/items_controller.rb:29:in `update'
Completed 200 OK in 7ms (Views: 0.3ms | ActiveRecord: 2.3ms | Allocations: 2579)


Started PUT "/items/3" for 127.0.0.1 at 2023-06-08 10:33:54 -0300
Processing by ItemsController#update as */*
  Parameters: {"quantity"=>2, "id"=>"3", "item"=>{"quantity"=>2}}
  [1m[36mItem Load (0.1ms)[0m  [1m[34mSELECT "items".* FROM "items" WHERE "items"."id" = ? LIMIT ?[0m  [["id", 3], ["LIMIT", 1]]
  ↳ app/controllers/items_controller.rb:44:in `set_item'
  [1m[36mTRANSACTION (0.0ms)[0m  [1m[36mbegin transaction[0m
  ↳ app/controllers/items_controller.rb:29:in `update'
  [1m[36mItem Update (0.3ms)[0m  [1m[33mUPDATE "items" SET "quantity" = ?, "updated_at" = ? WHERE "items"."id" = ?[0m  [["quantity", 2], ["updated_at", "2023-06-08 13:33:54.701961"], ["id", 3]]
  ↳ app/controllers/items_controller.rb:29:in `update'
  [1m[36mTRANSACTION (1.8ms)[0m  [1m[36mcommit transaction[0m
  ↳ app/controllers/items_controller.rb:29:in `update'
Completed 200 OK in 51ms (Views: 0.5ms | ActiveRecord: 2.3ms | Allocations: 2541)


Started GET "/items" for 127.0.0.1 at 2023-06-08 10:33:58 -0300
Processing by ItemsController#index as */*
  [1m[36mItem Load (0.1ms)[0m  [1m[34mSELECT "items".* FROM "items"[0m
  ↳ app/controllers/items_controller.rb:8:in `index'
Completed 200 OK in 2ms (Views: 1.7ms | ActiveRecord: 0.1ms | Allocations: 1074)


  [1m[36mTRANSACTION (0.1ms)[0m  [1m[36mbegin transaction[0m
  ↳ app/services/create_item.rb:3:in `execute'
  [1m[36mItem Create (0.3ms)[0m  [1m[32mINSERT INTO "items" ("name", "unity", "color", "quantity", "created_at", "updated_at") VALUES (?, ?, ?, ?, ?, ?)[0m  [["name", "Nitendo Switch"], ["unity", "UN"], ["color", "Cinza"], ["quantity", nil], ["created_at", "2023-06-08 13:34:33.956824"], ["updated_at", "2023-06-08 13:34:33.956824"]]
  ↳ app/services/create_item.rb:3:in `execute'
  [1m[36mTRANSACTION (2.1ms)[0m  [1m[36mcommit transaction[0m
  ↳ app/services/create_item.rb:3:in `execute'
Started GET "/items" for 127.0.0.1 at 2023-06-08 10:34:36 -0300
Processing by ItemsController#index as */*
  [1m[36mItem Load (0.1ms)[0m  [1m[34mSELECT "items".* FROM "items"[0m
  ↳ app/controllers/items_controller.rb:8:in `index'
Completed 200 OK in 2ms (Views: 1.7ms | ActiveRecord: 0.1ms | Allocations: 1202)


Started PUT "/items/4" for 127.0.0.1 at 2023-06-08 10:34:46 -0300
Processing by ItemsController#update as */*
  Parameters: {"quantity"=>20, "id"=>"4", "item"=>{"quantity"=>20}}
  [1m[36mItem Load (0.1ms)[0m  [1m[34mSELECT "items".* FROM "items" WHERE "items"."id" = ? LIMIT ?[0m  [["id", 4], ["LIMIT", 1]]
  ↳ app/controllers/items_controller.rb:44:in `set_item'
  [1m[36mTRANSACTION (0.1ms)[0m  [1m[36mbegin transaction[0m
  ↳ app/controllers/items_controller.rb:29:in `update'
  [1m[36mItem Update (0.2ms)[0m  [1m[33mUPDATE "items" SET "quantity" = ?, "updated_at" = ? WHERE "items"."id" = ?[0m  [["quantity", 20], ["updated_at", "2023-06-08 13:34:46.468894"], ["id", 4]]
  ↳ app/controllers/items_controller.rb:29:in `update'
  [1m[36mTRANSACTION (1.7ms)[0m  [1m[36mcommit transaction[0m
  ↳ app/controllers/items_controller.rb:29:in `update'
Completed 200 OK in 8ms (Views: 0.5ms | ActiveRecord: 2.1ms | Allocations: 2537)


Started GET "/items/4" for 127.0.0.1 at 2023-06-08 10:34:52 -0300
Processing by ItemsController#show as */*
  Parameters: {"id"=>"4"}
  [1m[36mItem Load (0.1ms)[0m  [1m[34mSELECT "items".* FROM "items" WHERE "items"."id" = ? LIMIT ?[0m  [["id", 4], ["LIMIT", 1]]
  ↳ app/controllers/items_controller.rb:44:in `set_item'
Completed 200 OK in 1ms (Views: 0.3ms | ActiveRecord: 0.1ms | Allocations: 665)


Started GET "/items" for 127.0.0.1 at 2023-06-08 10:34:57 -0300
Processing by ItemsController#index as */*
  [1m[36mItem Load (0.1ms)[0m  [1m[34mSELECT "items".* FROM "items"[0m
  ↳ app/controllers/items_controller.rb:8:in `index'
Completed 200 OK in 2ms (Views: 2.1ms | ActiveRecord: 0.1ms | Allocations: 1202)


  [1m[36mTRANSACTION (0.1ms)[0m  [1m[36mbegin transaction[0m
  ↳ app/services/create_item.rb:3:in `execute'
  [1m[36mItem Create (0.3ms)[0m  [1m[32mINSERT INTO "items" ("name", "unity", "color", "quantity", "created_at", "updated_at") VALUES (?, ?, ?, ?, ?, ?)[0m  [["name", "Tv Box"], ["unity", "UN"], ["color", "Preto"], ["quantity", nil], ["created_at", "2023-06-08 13:38:29.274855"], ["updated_at", "2023-06-08 13:38:29.274855"]]
  ↳ app/services/create_item.rb:3:in `execute'
  [1m[36mTRANSACTION (2.6ms)[0m  [1m[36mcommit transaction[0m
  ↳ app/services/create_item.rb:3:in `execute'
Started GET "/items" for 127.0.0.1 at 2023-06-08 10:38:34 -0300
Processing by ItemsController#index as */*
  [1m[36mItem Load (0.1ms)[0m  [1m[34mSELECT "items".* FROM "items"[0m
  ↳ app/controllers/items_controller.rb:8:in `index'
Completed 200 OK in 2ms (Views: 1.4ms | ActiveRecord: 0.1ms | Allocations: 1329)


Started PUT "/items/5" for 127.0.0.1 at 2023-06-08 10:38:50 -0300
Processing by ItemsController#update as */*
  Parameters: {"quantity"=>15, "id"=>"5", "item"=>{"quantity"=>15}}
  [1m[36mItem Load (0.1ms)[0m  [1m[34mSELECT "items".* FROM "items" WHERE "items"."id" = ? LIMIT ?[0m  [["id", 5], ["LIMIT", 1]]
  ↳ app/controllers/items_controller.rb:44:in `set_item'
  [1m[36mTRANSACTION (0.1ms)[0m  [1m[36mbegin transaction[0m
  ↳ app/controllers/items_controller.rb:29:in `update'
  [1m[36mItem Update (0.2ms)[0m  [1m[33mUPDATE "items" SET "quantity" = ?, "updated_at" = ? WHERE "items"."id" = ?[0m  [["quantity", 15], ["updated_at", "2023-06-08 13:38:50.061284"], ["id", 5]]
  ↳ app/controllers/items_controller.rb:29:in `update'
  [1m[36mTRANSACTION (1.8ms)[0m  [1m[36mcommit transaction[0m
  ↳ app/controllers/items_controller.rb:29:in `update'
Completed 200 OK in 8ms (Views: 0.3ms | ActiveRecord: 2.2ms | Allocations: 2542)


Started GET "/items/5" for 127.0.0.1 at 2023-06-08 10:38:55 -0300
Processing by ItemsController#show as */*
  Parameters: {"id"=>"5"}
  [1m[36mItem Load (0.1ms)[0m  [1m[34mSELECT "items".* FROM "items" WHERE "items"."id" = ? LIMIT ?[0m  [["id", 5], ["LIMIT", 1]]
  ↳ app/controllers/items_controller.rb:44:in `set_item'
Completed 200 OK in 2ms (Views: 0.4ms | ActiveRecord: 0.1ms | Allocations: 664)


  [1m[36mTRANSACTION (0.1ms)[0m  [1m[36mbegin transaction[0m
  ↳ app/services/create_item.rb:3:in `execute'
  [1m[36mItem Create (0.3ms)[0m  [1m[32mINSERT INTO "items" ("name", "unity", "color", "quantity", "created_at", "updated_at") VALUES (?, ?, ?, ?, ?, ?)[0m  [["name", "Redmi Pro 12"], ["unity", "UN"], ["color", "Ciano"], ["quantity", nil], ["created_at", "2023-06-08 13:42:47.735384"], ["updated_at", "2023-06-08 13:42:47.735384"]]
  ↳ app/services/create_item.rb:3:in `execute'
  [1m[36mTRANSACTION (5.1ms)[0m  [1m[36mcommit transaction[0m
  ↳ app/services/create_item.rb:3:in `execute'
Started GET "/items/6" for 127.0.0.1 at 2023-06-08 10:42:55 -0300
Processing by ItemsController#show as */*
  Parameters: {"id"=>"6"}
  [1m[36mItem Load (0.1ms)[0m  [1m[34mSELECT "items".* FROM "items" WHERE "items"."id" = ? LIMIT ?[0m  [["id", 6], ["LIMIT", 1]]
  ↳ app/controllers/items_controller.rb:44:in `set_item'
Completed 200 OK in 1ms (Views: 0.3ms | ActiveRecord: 0.1ms | Allocations: 664)


Started PUT "/items/6" for 127.0.0.1 at 2023-06-08 10:43:16 -0300
Processing by ItemsController#update as */*
  Parameters: {"quantity"=>6, "id"=>"6", "item"=>{"quantity"=>6}}
  [1m[36mItem Load (0.1ms)[0m  [1m[34mSELECT "items".* FROM "items" WHERE "items"."id" = ? LIMIT ?[0m  [["id", 6], ["LIMIT", 1]]
  ↳ app/controllers/items_controller.rb:44:in `set_item'
  [1m[36mTRANSACTION (0.0ms)[0m  [1m[36mbegin transaction[0m
  ↳ app/controllers/items_controller.rb:29:in `update'
  [1m[36mItem Update (0.2ms)[0m  [1m[33mUPDATE "items" SET "quantity" = ?, "updated_at" = ? WHERE "items"."id" = ?[0m  [["quantity", 6], ["updated_at", "2023-06-08 13:43:16.991990"], ["id", 6]]
  ↳ app/controllers/items_controller.rb:29:in `update'
  [1m[36mTRANSACTION (1.8ms)[0m  [1m[36mcommit transaction[0m
  ↳ app/controllers/items_controller.rb:29:in `update'
Completed 200 OK in 7ms (Views: 0.4ms | ActiveRecord: 2.1ms | Allocations: 2537)


Started GET "/items/6" for 127.0.0.1 at 2023-06-08 10:43:22 -0300
Processing by ItemsController#show as */*
  Parameters: {"id"=>"6"}
  [1m[36mItem Load (0.1ms)[0m  [1m[34mSELECT "items".* FROM "items" WHERE "items"."id" = ? LIMIT ?[0m  [["id", 6], ["LIMIT", 1]]
  ↳ app/controllers/items_controller.rb:44:in `set_item'
Completed 200 OK in 1ms (Views: 0.3ms | ActiveRecord: 0.1ms | Allocations: 665)


Started GET "/items" for 127.0.0.1 at 2023-06-08 10:43:25 -0300
Processing by ItemsController#index as */*
  [1m[36mItem Load (0.1ms)[0m  [1m[34mSELECT "items".* FROM "items"[0m
  ↳ app/controllers/items_controller.rb:8:in `index'
Completed 200 OK in 2ms (Views: 2.0ms | ActiveRecord: 0.1ms | Allocations: 1456)


